26/11/2025 12:55:14
conectant a : directori.udl.cat 636
26/11/2025 12:55:14
OK, conectat a : directori.udl.cat 636
26/11/2025 12:55:14
Obtenint dades 
26/11/2025 12:55:14
Completat IteraResultats PAS pdi PAS pdi(&(employeeNumber=39507643))
26/11/2025 12:55:14
Completat IteraResultats només PDIpas (&(employeeNumber=39507643))
26/11/2025 12:55:14
Acabem i fora
26/11/2025 12:56:07
conectant a : directori.udl.cat 636
26/11/2025 12:56:07
OK, conectat a : directori.udl.cat 636
26/11/2025 12:56:07
Obtenint dades 
26/11/2025 12:56:07
Completat IteraResultats PAS pdi PAS pdi(&(employeeNumber=43716052))
26/11/2025 12:56:07
Completat IteraResultats només PDIpas (&(employeeNumber=43716052))
26/11/2025 12:56:07
Acabem i fora
26/11/2025 12:56:52
conectant a : directori.udl.cat 636
26/11/2025 12:56:52
OK, conectat a : directori.udl.cat 636
26/11/2025 12:56:52
Obtenint dades 
26/11/2025 12:56:52
Completat IteraResultats PAS pdi PAS pdi(&(employeeNumber=437160*))
26/11/2025 12:56:52
Completat IteraResultats només PDIpas (&(employeeNumber=437160*))
26/11/2025 12:56:52
Acabem i fora
26/11/2025 12:57:08
conectant a : directori.udl.cat 636
26/11/2025 12:57:08
OK, conectat a : directori.udl.cat 636
26/11/2025 12:57:08
Obtenint dades 
26/11/2025 12:57:08
Completat IteraResultats PAS pdi PAS pdi(&(employeeNumber=437160))
26/11/2025 12:57:08
Completat IteraResultats només PDIpas (&(employeeNumber=437160))
26/11/2025 12:57:08
Acabem i fora
