03/03/2015 8:48:04
empleats sense email : 6
03/03/2015 8:48:04
sense EMAIL, i problemes al LDAP, no hi ha manera de localitzar a : 40884804VILAJUSTRIBO
03/03/2015 8:48:04
sense EMAIL, i problemes al LDAP, no hi ha manera de localitzar a : 53652920PALACIOSTRUJILLO
03/03/2015 8:48:04
sense EMAIL, i problemes al LDAP, no hi ha manera de localitzar a : 52593932SORIANOLLOPIS
03/03/2015 8:48:05
sense EMAIL, i problemes al LDAP, no hi ha manera de localitzar a : Y2681873JIMENEZLOPEZ
03/03/2015 8:48:05
sense EMAIL, i problemes al LDAP, no hi ha manera de localitzar a : 72489575OJANGURENARRANZ
03/03/2015 8:48:05
sense EMAIL, i problemes al LDAP, no hi ha manera de localitzar a : Y0606305KILANI
03/03/2015 8:48:05
empleats sense uid : 5
03/03/2015 8:48:05
Sense UID i problemes al LDAP, no hi ha manera de localitzar a : 53652920PALACIOSTRUJILLO
03/03/2015 8:48:05
Sense UID i problemes al LDAP, no hi ha manera de localitzar a : 52593932SORIANOLLOPIS
03/03/2015 8:48:06
Sense UID i problemes al LDAP, no hi ha manera de localitzar a : Y2681873JIMENEZLOPEZ
03/03/2015 8:48:06
Sense UID i problemes al LDAP, no hi ha manera de localitzar a : 72489575OJANGURENARRANZ
03/03/2015 8:48:06
Sense UID i problemes al LDAP, no hi ha manera de localitzar a : Y0606305KILANI
03/03/2015 8:55:26
empleats sense email : 6
03/03/2015 8:55:26
sense EMAIL, i problemes al LDAP, no hi ha manera de localitzar a : 40884804VILAJUSTRIBO
03/03/2015 8:55:27
sense EMAIL, i problemes al LDAP, no hi ha manera de localitzar a : 53652920PALACIOSTRUJILLO
03/03/2015 8:55:27
sense EMAIL, i problemes al LDAP, no hi ha manera de localitzar a : 52593932SORIANOLLOPIS
03/03/2015 8:55:27
sense EMAIL, i problemes al LDAP, no hi ha manera de localitzar a : Y2681873JIMENEZLOPEZ
03/03/2015 8:55:27
sense EMAIL, i problemes al LDAP, no hi ha manera de localitzar a : 72489575OJANGURENARRANZ
03/03/2015 8:55:28
sense EMAIL, i problemes al LDAP, no hi ha manera de localitzar a : Y0606305KILANI
03/03/2015 8:55:28
empleats sense uid : 5
03/03/2015 8:55:28
Sense UID i problemes al LDAP, no hi ha manera de localitzar a : 53652920PALACIOSTRUJILLO
03/03/2015 8:55:28
Sense UID i problemes al LDAP, no hi ha manera de localitzar a : 52593932SORIANOLLOPIS
03/03/2015 8:55:29
Sense UID i problemes al LDAP, no hi ha manera de localitzar a : Y2681873JIMENEZLOPEZ
03/03/2015 8:55:29
Sense UID i problemes al LDAP, no hi ha manera de localitzar a : 72489575OJANGURENARRANZ
03/03/2015 8:55:29
Sense UID i problemes al LDAP, no hi ha manera de localitzar a : Y0606305KILANI

Y2681873H Y2681873JIMENEZ      LOPEZ<br>
Y0606305Q Y0606305KILANI      <br>
72489575S 72489575OJANGUREN      ARRANZ<br>
53652920S 53652920PALACIOS      TRUJILLO<br>
52593932Q 52593932SORIANO      LLOPIS<br>
40884804G 40884804VILA      JUSTRIBO<br>03/03/2015 9:06:13
empleats sense email : 6
03/03/2015 9:06:14
sense EMAIL, i problemes al LDAP, no hi ha manera de localitzar a : 40884804VILAJUSTRIBO
03/03/2015 9:06:14
sense EMAIL, i problemes al LDAP, no hi ha manera de localitzar a : 53652920PALACIOSTRUJILLO
03/03/2015 9:06:14
sense EMAIL, i problemes al LDAP, no hi ha manera de localitzar a : 52593932SORIANOLLOPIS
03/03/2015 9:06:15
sense EMAIL, i problemes al LDAP, no hi ha manera de localitzar a : Y2681873JIMENEZLOPEZ
03/03/2015 9:06:15
sense EMAIL, i problemes al LDAP, no hi ha manera de localitzar a : 72489575OJANGURENARRANZ
03/03/2015 9:06:15
sense EMAIL, i problemes al LDAP, no hi ha manera de localitzar a : Y0606305KILANI
03/03/2015 9:06:15
empleats sense uid : 5
03/03/2015 9:06:16
Sense UID i problemes al LDAP, no hi ha manera de localitzar a : 53652920PALACIOSTRUJILLO
03/03/2015 9:06:16
Sense UID i problemes al LDAP, no hi ha manera de localitzar a : 52593932SORIANOLLOPIS
03/03/2015 9:06:16
Sense UID i problemes al LDAP, no hi ha manera de localitzar a : Y2681873JIMENEZLOPEZ
03/03/2015 9:06:17
Sense UID i problemes al LDAP, no hi ha manera de localitzar a : 72489575OJANGURENARRANZ
03/03/2015 9:06:17
Sense UID i problemes al LDAP, no hi ha manera de localitzar a : Y0606305KILANI

Y2681873H Y2681873JIMENEZ      LOPEZ<br>
Y0606305Q Y0606305KILANI      <br>
72489575S 72489575OJANGUREN      ARRANZ<br>
53652920S 53652920PALACIOS      TRUJILLO<br>
52593932Q 52593932SORIANO      LLOPIS<br>
40884804G 40884804VILA      JUSTRIBO<br>