02/02/2015 9:22:11
empleats sense email : 12
18/02/2015 13:16:17
empleats sense email : 0
18/02/2015 13:18:41
empleats sense email : 1
18/02/2015 13:42:15
empleats sense email : 1
18/02/2015 13:54:11
empleats sense email : 1
18/02/2015 13:54:49
empleats sense email : 0
18/02/2015 13:54:54
empleats sense uid : 23
18/02/2015 13:55:04
Sense UID i problemes al LDAP, no hi ha manera de localitzar a : 52163964
18/02/2015 13:55:04
Sense UID i problemes al LDAP, no hi ha manera de localitzar a : 25469729
18/02/2015 13:55:05
Sense UID i problemes al LDAP, no hi ha manera de localitzar a : 47698098
18/02/2015 13:57:15
empleats sense email : 0
18/02/2015 13:57:33
empleats sense uid : 22
18/02/2015 13:58:53
empleats sense email : 0
18/02/2015 14:06:40
empleats sense uid : 22
18/02/2015 14:06:42
Sense UID i problemes al LDAP, no hi ha manera de localitzar a : 52163964
18/02/2015 14:06:43
Sense UID i problemes al LDAP, no hi ha manera de localitzar a : 25469729
18/02/2015 14:06:43
Sense UID i problemes al LDAP, no hi ha manera de localitzar a : 47698098
18/02/2015 15:49:00
empleats sense email : 0
18/02/2015 15:49:16
empleats sense uid : 21
18/02/2015 15:50:59
Sense UID i problemes al LDAP, no hi ha manera de localitzar a : 52163964
18/02/2015 16:19:11
Sense UID i problemes al LDAP, no hi ha manera de localitzar a : 25469729
18/02/2015 16:19:12
Sense UID i problemes al LDAP, no hi ha manera de localitzar a : 47698098
18/02/2015 16:27:15
empleats sense email : 0
18/02/2015 16:27:18
empleats sense uid : 20
18/02/2015 16:27:20
Sense UID i problemes al LDAP, no hi ha manera de localitzar a : 52163964
18/02/2015 16:27:20
Sense UID i problemes al LDAP, no hi ha manera de localitzar a : 25469729
18/02/2015 16:27:21
Sense UID i problemes al LDAP, no hi ha manera de localitzar a : 47698098
18/02/2015 16:42:27
Sense UID i problemes al LDAP, no hi ha manera de localitzar a : 72489575
18/02/2015 16:42:29
Sense UID i problemes al LDAP, no hi ha manera de localitzar a : 47931483
18/02/2015 16:42:30
Sense UID i problemes al LDAP, no hi ha manera de localitzar a : 53652920
18/02/2015 16:42:31
Sense UID i problemes al LDAP, no hi ha manera de localitzar a : Y3588512
18/02/2015 16:43:20
empleats sense email : 0
18/02/2015 16:43:20
empleats sense uid : 7
18/02/2015 16:43:20
Sense UID i problemes al LDAP, no hi ha manera de localitzar a : 52163964
18/02/2015 16:43:21
Sense UID i problemes al LDAP, no hi ha manera de localitzar a : 25469729
18/02/2015 16:43:21
Sense UID i problemes al LDAP, no hi ha manera de localitzar a : 47698098
18/02/2015 16:43:22
Sense UID i problemes al LDAP, no hi ha manera de localitzar a : 72489575
18/02/2015 16:43:23
Sense UID i problemes al LDAP, no hi ha manera de localitzar a : 47931483
18/02/2015 16:43:23
Sense UID i problemes al LDAP, no hi ha manera de localitzar a : 53652920
18/02/2015 16:43:24
Sense UID i problemes al LDAP, no hi ha manera de localitzar a : Y3588512
18/02/2015 16:43:24
Finalment personal sense email = 9

ESTARAN;JUSTRIBO;40893371S
GONZALEZ;GALLEGO;47931483N
MIGUEL;BLANCO;25469729N
OJANGUREN;ARRANZ;72489575S
PALACIOS;TRUJILLO;53652920S
SAFFARI;TABALVANDANI;Y2565934E
TABERNER;VALLVERDU;47698098P
VICENTE;BENFEITAS;Y3588512C
VILA;JUSTRIBO;40884804G18/02/2015 16:43:24
Finalment personal sense UID = 7

ALCALA;CASTELBLANQUE;52163964X
GONZALEZ;GALLEGO;47931483N
MIGUEL;BLANCO;25469729N
OJANGUREN;ARRANZ;72489575S
PALACIOS;TRUJILLO;53652920S
TABERNER;VALLVERDU;47698098P
VICENTE;BENFEITAS;Y3588512C
CORREU a taula PERSONAL actualitzat al que diu LDAPAGUILA;FRIAS;47932758E18/02/2015 18:09:54
empleats sense email : 0
18/02/2015 18:09:54
empleats sense uid : 7
18/02/2015 18:09:55
Sense UID i problemes al LDAP, no hi ha manera de localitzar a : 52163964
18/02/2015 18:09:55
Sense UID i problemes al LDAP, no hi ha manera de localitzar a : 25469729
18/02/2015 18:09:56
Sense UID i problemes al LDAP, no hi ha manera de localitzar a : 47698098
18/02/2015 18:09:56
Sense UID i problemes al LDAP, no hi ha manera de localitzar a : 72489575
18/02/2015 18:09:57
Sense UID i problemes al LDAP, no hi ha manera de localitzar a : 47931483
18/02/2015 18:09:57
Sense UID i problemes al LDAP, no hi ha manera de localitzar a : 53652920
18/02/2015 18:09:58
Sense UID i problemes al LDAP, no hi ha manera de localitzar a : Y3588512

47932758E47932758AGUILAFRIASSense EMAIL a Ginpix, i no es actualitzar sol amb el de LDAP per que pot localitzar a LDAP usant el DNI19/02/2015 8:54:16
empleats sense email : 0
19/02/2015 8:54:16
empleats sense uid : 7
19/02/2015 8:54:17
Sense UID i problemes al LDAP, no hi ha manera de localitzar a : 52163964
19/02/2015 8:54:18
Sense UID i problemes al LDAP, no hi ha manera de localitzar a : 25469729
19/02/2015 8:54:19
Sense UID i problemes al LDAP, no hi ha manera de localitzar a : 47698098
19/02/2015 8:54:19
Sense UID i problemes al LDAP, no hi ha manera de localitzar a : 72489575
19/02/2015 8:54:20
Sense UID i problemes al LDAP, no hi ha manera de localitzar a : 47931483
19/02/2015 8:54:21
Sense UID i problemes al LDAP, no hi ha manera de localitzar a : 53652920
19/02/2015 8:54:21
Sense UID i problemes al LDAP, no hi ha manera de localitzar a : Y3588512

47932758E47932758AGUILAFRIASSense EMAIL a Ginpix, i no es actualitzar sol amb el de LDAP per que pot localitzar a LDAP usant el DNI19/02/2015 10:06:03
empleats sense email : 0
19/02/2015 10:06:03
empleats sense uid : 7
19/02/2015 10:06:03
Sense UID i problemes al LDAP, no hi ha manera de localitzar a : 52163964
19/02/2015 10:06:04
Sense UID i problemes al LDAP, no hi ha manera de localitzar a : 25469729
19/02/2015 10:06:05
Sense UID i problemes al LDAP, no hi ha manera de localitzar a : 47698098
19/02/2015 10:06:05
Sense UID i problemes al LDAP, no hi ha manera de localitzar a : 72489575
19/02/2015 10:06:06
Sense UID i problemes al LDAP, no hi ha manera de localitzar a : 47931483
19/02/2015 10:06:06
Sense UID i problemes al LDAP, no hi ha manera de localitzar a : 53652920
19/02/2015 10:06:07
Sense UID i problemes al LDAP, no hi ha manera de localitzar a : Y3588512

47932758E47932758AGUILAFRIASSense EMAIL a Ginpix, i no es actualitzar sol amb el de LDAP per que pot localitzar a LDAP usant el DNI19/02/2015 11:02:38
empleats sense email : 0
19/02/2015 11:02:38
empleats sense uid : 47
19/02/2015 11:02:39
Sense UID i problemes al LDAP, no hi ha manera de localitzar a : 52163964
19/02/2015 11:02:40
Sense UID i problemes al LDAP, no hi ha manera de localitzar a : 25469729
19/02/2015 11:02:40
Sense UID i problemes al LDAP, no hi ha manera de localitzar a : 47698098
19/02/2015 11:02:43
Sense UID i problemes al LDAP, no hi ha manera de localitzar a : 52593932
19/02/2015 11:02:48
Sense UID i problemes al LDAP, no hi ha manera de localitzar a : Y2681873
19/02/2015 11:02:55
Sense UID i problemes al LDAP, no hi ha manera de localitzar a : 72489575
19/02/2015 11:02:55
Sense UID i problemes al LDAP, no hi ha manera de localitzar a : 47931483
19/02/2015 11:02:56
Sense UID i problemes al LDAP, no hi ha manera de localitzar a : 53652920
19/02/2015 11:02:56
Sense UID i problemes al LDAP, no hi ha manera de localitzar a : Y3588512

47932758E47932758AGUILAFRIASSense EMAIL a Ginpix, i no es actualitzar sol amb el de LDAP per que pot localitzar a LDAP usant el DNI19/02/2015 11:27:11
empleats sense email : 0
19/02/2015 11:27:32
empleats sense uid : 9
19/02/2015 11:27:32
Sense UID i problemes al LDAP, no hi ha manera de localitzar a : 52163964
19/02/2015 11:27:33
Sense UID i problemes al LDAP, no hi ha manera de localitzar a : 25469729
19/02/2015 11:27:34
Sense UID i problemes al LDAP, no hi ha manera de localitzar a : 47698098
19/02/2015 11:27:34
Sense UID i problemes al LDAP, no hi ha manera de localitzar a : 52593932
19/02/2015 11:27:35
Sense UID i problemes al LDAP, no hi ha manera de localitzar a : Y2681873
19/02/2015 11:27:35
Sense UID i problemes al LDAP, no hi ha manera de localitzar a : 72489575
19/02/2015 11:27:36
Sense UID i problemes al LDAP, no hi ha manera de localitzar a : 47931483
19/02/2015 11:27:36
Sense UID i problemes al LDAP, no hi ha manera de localitzar a : 53652920
19/02/2015 11:27:37
Sense UID i problemes al LDAP, no hi ha manera de localitzar a : Y3588512

47932758E47932758AGUILAFRIASSense EMAIL a Ginpix, i no es actualitzar sol amb el de LDAP per que pot localitzar a LDAP usant el DNI19/02/2015 11:33:40
empleats sense email : 0
19/02/2015 11:33:40
empleats sense uid : 9
19/02/2015 11:33:41
Sense UID i problemes al LDAP, no hi ha manera de localitzar a : 52163964
19/02/2015 11:33:42
Sense UID i problemes al LDAP, no hi ha manera de localitzar a : 25469729
19/02/2015 11:33:42
Sense UID i problemes al LDAP, no hi ha manera de localitzar a : 47698098
19/02/2015 11:33:43
Sense UID i problemes al LDAP, no hi ha manera de localitzar a : 52593932
19/02/2015 11:33:44
Sense UID i problemes al LDAP, no hi ha manera de localitzar a : Y2681873
19/02/2015 11:33:44
Sense UID i problemes al LDAP, no hi ha manera de localitzar a : 72489575
19/02/2015 11:33:45
Sense UID i problemes al LDAP, no hi ha manera de localitzar a : 47931483
19/02/2015 11:33:46
Sense UID i problemes al LDAP, no hi ha manera de localitzar a : 53652920
19/02/2015 11:33:46
Sense UID i problemes al LDAP, no hi ha manera de localitzar a : Y3588512

47932758E47932758AGUILAFRIASSense EMAIL a Ginpix, i no es actualitzar sol amb el de LDAP per que pot localitzar a LDAP usant el DNI19/02/2015 11:34:11
empleats sense email : 0
19/02/2015 11:34:11
empleats sense uid : 9
19/02/2015 11:34:12
Sense UID i problemes al LDAP, no hi ha manera de localitzar a : 52163964
19/02/2015 11:34:13
Sense UID i problemes al LDAP, no hi ha manera de localitzar a : 25469729
19/02/2015 11:34:13
Sense UID i problemes al LDAP, no hi ha manera de localitzar a : 47698098
19/02/2015 11:34:14
Sense UID i problemes al LDAP, no hi ha manera de localitzar a : 52593932
19/02/2015 11:34:15
Sense UID i problemes al LDAP, no hi ha manera de localitzar a : Y2681873
19/02/2015 11:34:15
Sense UID i problemes al LDAP, no hi ha manera de localitzar a : 72489575
19/02/2015 11:34:16
Sense UID i problemes al LDAP, no hi ha manera de localitzar a : 47931483
19/02/2015 11:34:17
Sense UID i problemes al LDAP, no hi ha manera de localitzar a : 53652920
19/02/2015 11:34:17
Sense UID i problemes al LDAP, no hi ha manera de localitzar a : Y3588512

47932758E47932758AGUILAFRIASSense EMAIL a Ginpix, i no es actualitzar sol amb el de LDAP per que pot localitzar a LDAP usant el DNI19/02/2015 11:35:01
empleats sense email : 0
19/02/2015 11:35:01
empleats sense uid : 9
19/02/2015 11:35:02
Sense UID i problemes al LDAP, no hi ha manera de localitzar a : 52163964
19/02/2015 11:35:02
Sense UID i problemes al LDAP, no hi ha manera de localitzar a : 25469729
19/02/2015 11:35:03
Sense UID i problemes al LDAP, no hi ha manera de localitzar a : 47698098
19/02/2015 11:35:03
Sense UID i problemes al LDAP, no hi ha manera de localitzar a : 52593932
19/02/2015 11:35:04
Sense UID i problemes al LDAP, no hi ha manera de localitzar a : Y2681873
19/02/2015 11:35:05
Sense UID i problemes al LDAP, no hi ha manera de localitzar a : 72489575
19/02/2015 11:35:05
Sense UID i problemes al LDAP, no hi ha manera de localitzar a : 47931483
19/02/2015 11:35:06
Sense UID i problemes al LDAP, no hi ha manera de localitzar a : 53652920
19/02/2015 11:35:06
Sense UID i problemes al LDAP, no hi ha manera de localitzar a : Y3588512

47932758E47932758AGUILAFRIASSense EMAIL a Ginpix, i no es actualitzar sol amb el de LDAP per que pot localitzar a LDAP usant el DNI19/02/2015 12:31:37
empleats sense email : 0
19/02/2015 12:31:37
empleats sense uid : 9
19/02/2015 12:31:38
Sense UID i problemes al LDAP, no hi ha manera de localitzar a : 52163964
19/02/2015 12:31:38
Sense UID i problemes al LDAP, no hi ha manera de localitzar a : 25469729
19/02/2015 12:31:39
Sense UID i problemes al LDAP, no hi ha manera de localitzar a : 47698098
19/02/2015 12:31:40
Sense UID i problemes al LDAP, no hi ha manera de localitzar a : 52593932
19/02/2015 12:31:40
Sense UID i problemes al LDAP, no hi ha manera de localitzar a : Y2681873
19/02/2015 12:31:41
Sense UID i problemes al LDAP, no hi ha manera de localitzar a : 72489575
19/02/2015 12:31:42
Sense UID i problemes al LDAP, no hi ha manera de localitzar a : 47931483
19/02/2015 12:31:43
Sense UID i problemes al LDAP, no hi ha manera de localitzar a : 53652920
19/02/2015 12:31:43
Sense UID i problemes al LDAP, no hi ha manera de localitzar a : Y3588512

47932758E47932758AGUILAFRIASSense EMAIL a Ginpix, i no es actualitzar sol amb el de LDAP per que pot localitzar a LDAP usant el DNI19/02/2015 12:32:56
empleats sense email : 0
19/02/2015 12:32:56
empleats sense uid : 9
19/02/2015 12:32:57
Sense UID i problemes al LDAP, no hi ha manera de localitzar a : 52163964
19/02/2015 12:32:57
Sense UID i problemes al LDAP, no hi ha manera de localitzar a : 25469729
19/02/2015 12:32:58
Sense UID i problemes al LDAP, no hi ha manera de localitzar a : 47698098
19/02/2015 12:32:59
Sense UID i problemes al LDAP, no hi ha manera de localitzar a : 52593932
19/02/2015 12:32:59
Sense UID i problemes al LDAP, no hi ha manera de localitzar a : Y2681873
19/02/2015 12:33:00
Sense UID i problemes al LDAP, no hi ha manera de localitzar a : 72489575
19/02/2015 12:33:01
Sense UID i problemes al LDAP, no hi ha manera de localitzar a : 47931483
19/02/2015 12:33:02
Sense UID i problemes al LDAP, no hi ha manera de localitzar a : 53652920
19/02/2015 12:33:02
Sense UID i problemes al LDAP, no hi ha manera de localitzar a : Y3588512

47932758E47932758AGUILAFRIASSense EMAIL a Ginpix, i no es actualitzar sol amb el de LDAP per que pot localitzar a LDAP usant el DNI19/02/2015 12:43:54
empleats sense email : 0
19/02/2015 12:43:54
empleats sense uid : 9
19/02/2015 12:43:55
Sense UID i problemes al LDAP, no hi ha manera de localitzar a : 52163964
19/02/2015 12:43:55
Sense UID i problemes al LDAP, no hi ha manera de localitzar a : 25469729
19/02/2015 12:43:56
Sense UID i problemes al LDAP, no hi ha manera de localitzar a : 47698098
19/02/2015 12:43:57
Sense UID i problemes al LDAP, no hi ha manera de localitzar a : 52593932
19/02/2015 12:43:57
Sense UID i problemes al LDAP, no hi ha manera de localitzar a : Y2681873
19/02/2015 12:43:58
Sense UID i problemes al LDAP, no hi ha manera de localitzar a : 72489575
19/02/2015 12:43:59
Sense UID i problemes al LDAP, no hi ha manera de localitzar a : 47931483
19/02/2015 12:44:00
Sense UID i problemes al LDAP, no hi ha manera de localitzar a : 53652920
19/02/2015 12:44:00
Sense UID i problemes al LDAP, no hi ha manera de localitzar a : Y3588512

47932758E47932758AGUILAFRIAS Sense EMAIL a Ginpix, i no es actualitzar sol amb el de LDAP per que pot localitzar a LDAP usant el DNI19/02/2015 12:46:33
empleats sense email : 0
19/02/2015 12:46:33
empleats sense uid : 9
19/02/2015 12:46:34
Sense UID i problemes al LDAP, no hi ha manera de localitzar a : 52163964
19/02/2015 12:46:35
Sense UID i problemes al LDAP, no hi ha manera de localitzar a : 25469729
19/02/2015 12:46:36
Sense UID i problemes al LDAP, no hi ha manera de localitzar a : 47698098
19/02/2015 12:46:37
Sense UID i problemes al LDAP, no hi ha manera de localitzar a : 52593932
19/02/2015 12:46:37
Sense UID i problemes al LDAP, no hi ha manera de localitzar a : Y2681873
19/02/2015 12:46:38
Sense UID i problemes al LDAP, no hi ha manera de localitzar a : 72489575
19/02/2015 12:46:39
Sense UID i problemes al LDAP, no hi ha manera de localitzar a : 47931483
19/02/2015 12:46:40
Sense UID i problemes al LDAP, no hi ha manera de localitzar a : 53652920
19/02/2015 12:46:40
Sense UID i problemes al LDAP, no hi ha manera de localitzar a : Y3588512

47932758E47932758AGUILAFRIAS Sense EMAIL a Ginpix, i no es actualitzar sol amb el de LDAP per que pot localitzar a LDAP usant el DNI19/02/2015 12:49:20
empleats sense email : 0
19/02/2015 12:49:20
empleats sense uid : 9
19/02/2015 12:49:21
Sense UID i problemes al LDAP, no hi ha manera de localitzar a : 52163964ALCALACASTELBLANQUE
19/02/2015 12:49:21
Sense UID i problemes al LDAP, no hi ha manera de localitzar a : 25469729MIGUELBLANCO
19/02/2015 12:49:22
Sense UID i problemes al LDAP, no hi ha manera de localitzar a : 47698098TABERNERVALLVERDU
19/02/2015 12:49:23
Sense UID i problemes al LDAP, no hi ha manera de localitzar a : 52593932SORIANOLLOPIS
19/02/2015 12:49:23
Sense UID i problemes al LDAP, no hi ha manera de localitzar a : Y2681873JIMENEZLOPEZ
19/02/2015 12:49:24
Sense UID i problemes al LDAP, no hi ha manera de localitzar a : 72489575OJANGURENARRANZ
19/02/2015 12:49:25
Sense UID i problemes al LDAP, no hi ha manera de localitzar a : 47931483GONZALEZGALLEGO
19/02/2015 12:49:26
Sense UID i problemes al LDAP, no hi ha manera de localitzar a : 53652920PALACIOSTRUJILLO
19/02/2015 12:49:26
Sense UID i problemes al LDAP, no hi ha manera de localitzar a : Y3588512VICENTEBENFEITAS

47932758E47932758AGUILAFRIAS Sense EMAIL a Ginpix, i no es actualitzar sol amb el de LDAP per que pot localitzar a LDAP usant el DNI19/02/2015 12:49:42
empleats sense email : 0
19/02/2015 12:49:43
empleats sense uid : 9
19/02/2015 12:49:43
Sense UID i problemes al LDAP, no hi ha manera de localitzar a : 52163964ALCALACASTELBLANQUE
19/02/2015 12:49:44
Sense UID i problemes al LDAP, no hi ha manera de localitzar a : 25469729MIGUELBLANCO
19/02/2015 12:49:45
Sense UID i problemes al LDAP, no hi ha manera de localitzar a : 47698098TABERNERVALLVERDU
19/02/2015 12:49:45
Sense UID i problemes al LDAP, no hi ha manera de localitzar a : 52593932SORIANOLLOPIS
19/02/2015 12:49:46
Sense UID i problemes al LDAP, no hi ha manera de localitzar a : Y2681873JIMENEZLOPEZ
19/02/2015 12:49:47
Sense UID i problemes al LDAP, no hi ha manera de localitzar a : 72489575OJANGURENARRANZ
19/02/2015 12:49:47
Sense UID i problemes al LDAP, no hi ha manera de localitzar a : 47931483GONZALEZGALLEGO
19/02/2015 12:49:48
Sense UID i problemes al LDAP, no hi ha manera de localitzar a : 53652920PALACIOSTRUJILLO
19/02/2015 12:49:49
Sense UID i problemes al LDAP, no hi ha manera de localitzar a : Y3588512VICENTEBENFEITAS

47932758E47932758AGUILAFRIAS Sense EMAIL a Ginpix, i no es actualitzar sol amb el de LDAP per que pot localitzar a LDAP usant el DNI
73574193E73574193AGUILARHERNANDEZ Sense EMAIL a Ginpix, i no es actualitzar sol amb el de LDAP per que pot localitzar a LDAP usant el DNI
03084489M03084489ARMENGOLBALCELLS Sense EMAIL a Ginpix, i no es actualitzar sol amb el de LDAP per que pot localitzar a LDAP usant el DNI
41079338G41079338ARMENGOLROSELL Sense EMAIL a Ginpix, i no es actualitzar sol amb el de LDAP per que pot localitzar a LDAP usant el DNI
73207564J73207564ARTASONAVEGAS Sense EMAIL a Ginpix, i no es actualitzar sol amb el de LDAP per que pot localitzar a LDAP usant el DNI
Y2504416TY2504416ATHANASOPOULOS Sense EMAIL a Ginpix, i no es actualitzar sol amb el de LDAP per que pot localitzar a LDAP usant el DNI
48051170F48051170AVENTINVALERO Sense EMAIL a Ginpix, i no es actualitzar sol amb el de LDAP per que pot localitzar a LDAP usant el DNI
78079783G78079783BALCELLSSERRA Sense EMAIL a Ginpix, i no es actualitzar sol amb el de LDAP per que pot localitzar a LDAP usant el DNI
78077554Y78077554BARRILBRESCO Sense EMAIL a Ginpix, i no es actualitzar sol amb el de LDAP per que pot localitzar a LDAP usant el DNI
43524253L43524253BATLLEMEGALE Sense EMAIL a Ginpix, i no es actualitzar sol amb el de LDAP per que pot localitzar a LDAP usant el DNI
38494510P38494510BECKGIMENEZ Sense EMAIL a Ginpix, i no es actualitzar sol amb el de LDAP per que pot localitzar a LDAP usant el DNI
73201881B73201881BLANCOLOPEZ DE ZAMORA Sense EMAIL a Ginpix, i no es actualitzar sol amb el de LDAP per que pot localitzar a LDAP usant el DNI
78079488P78079488BONEUFARRE Sense EMAIL a Ginpix, i no es actualitzar sol amb el de LDAP per que pot localitzar a LDAP usant el DNI
47903023A47903023BRAGOSNOGUE Sense EMAIL a Ginpix, i no es actualitzar sol amb el de LDAP per que pot localitzar a LDAP usant el DNI
47933461N47933461BRINGUEMARTINEZ Sense EMAIL a Ginpix, i no es actualitzar sol amb el de LDAP per que pot localitzar a LDAP usant el DNI
X4140393WX4140393BURCKHART Sense EMAIL a Ginpix, i no es actualitzar sol amb el de LDAP per que pot localitzar a LDAP usant el DNI
40879086J40879086BURGUESLLURDA Sense EMAIL a Ginpix, i no es actualitzar sol amb el de LDAP per que pot localitzar a LDAP usant el DNI
78084587R78084587CALLAULLORENS Sense EMAIL a Ginpix, i no es actualitzar sol amb el de LDAP per que pot localitzar a LDAP usant el DNI
43733262G43733262CALVOMOYA Sense EMAIL a Ginpix, i no es actualitzar sol amb el de LDAP per que pot localitzar a LDAP usant el DNI
78099266Y78099266CAMARACAMARA Sense EMAIL a Ginpix, i no es actualitzar sol amb el de LDAP per que pot localitzar a LDAP usant el DNI
37667435J37667435CANALSCASAS Sense EMAIL a Ginpix, i no es actualitzar sol amb el de LDAP per que pot localitzar a LDAP usant el DNI
78095567X78095567CARDONACOLOM Sense EMAIL a Ginpix, i no es actualitzar sol amb el de LDAP per que pot localitzar a LDAP usant el DNI
29010418N29010418CASESVALERO Sense EMAIL a Ginpix, i no es actualitzar sol amb el de LDAP per que pot localitzar a LDAP usant el DNI
43701982G43701982CASTELLAVALL Sense EMAIL a Ginpix, i no es actualitzar sol amb el de LDAP per que pot localitzar a LDAP usant el DNI
40899143Z40899143CASTELLOBALCELLS Sense EMAIL a Ginpix, i no es actualitzar sol amb el de LDAP per que pot localitzar a LDAP usant el DNI
43716998R43716998CASTELLOLLOP Sense EMAIL a Ginpix, i no es actualitzar sol amb el de LDAP per que pot localitzar a LDAP usant el DNI
48054182Y48054182CASTELLVIALONSO Sense EMAIL a Ginpix, i no es actualitzar sol amb el de LDAP per que pot localitzar a LDAP usant el DNI
40857855B40857855CASTILLOCERVELLO Sense EMAIL a Ginpix, i no es actualitzar sol amb el de LDAP per que pot localitzar a LDAP usant el DNI
47695324V47695324CATALINAHERNANDEZ Sense EMAIL a Ginpix, i no es actualitzar sol amb el de LDAP per que pot localitzar a LDAP usant el DNI
47658385Q47658385CHIQUILLOLLAURADO Sense EMAIL a Ginpix, i no es actualitzar sol amb el de LDAP per que pot localitzar a LDAP usant el DNI
36525918D36525918CIVITCARBONELL Sense EMAIL a Ginpix, i no es actualitzar sol amb el de LDAP per que pot localitzar a LDAP usant el DNI
39389748V39389748COMASANTASUSAGNA Sense EMAIL a Ginpix, i no es actualitzar sol amb el de LDAP per que pot localitzar a LDAP usant el DNI
78099994K78099994CORONADOTARROJA Sense EMAIL a Ginpix, i no es actualitzar sol amb el de LDAP per que pot localitzar a LDAP usant el DNI
40429278Q40429278CRIADODIEZ Sense EMAIL a Ginpix, i no es actualitzar sol amb el de LDAP per que pot localitzar a LDAP usant el DNI
47855222L47855222CURTOREVERTE Sense EMAIL a Ginpix, i no es actualitzar sol amb el de LDAP per que pot localitzar a LDAP usant el DNI
72650453P72650453DE FRUTOSRINCON Sense EMAIL a Ginpix, i no es actualitzar sol amb el de LDAP per que pot localitzar a LDAP usant el DNI
49758442N49758442DIAWARADIABY Sense EMAIL a Ginpix, i no es actualitzar sol amb el de LDAP per que pot localitzar a LDAP usant el DNI
39929070N39929070ESCOLASALES Sense EMAIL a Ginpix, i no es actualitzar sol amb el de LDAP per que pot localitzar a LDAP usant el DNI
40891453Y40891453ESCOLALONCHA Sense EMAIL a Ginpix, i no es actualitzar sol amb el de LDAP per que pot localitzar a LDAP usant el DNI
40893371S40893371ESTARANJUSTRIBO Sense EMAIL a Ginpix, i no es actualitzar sol amb el de LDAP per que pot localitzar a LDAP usant el DNI
X3259300QX3259300ETTALYDY Sense EMAIL a Ginpix, i no es actualitzar sol amb el de LDAP per que pot localitzar a LDAP usant el DNI
40870127R40870127FARRERAVIDAL Sense EMAIL a Ginpix, i no es actualitzar sol amb el de LDAP per que pot localitzar a LDAP usant el DNI
78076634Y78076634FAURASAURET Sense EMAIL a Ginpix, i no es actualitzar sol amb el de LDAP per que pot localitzar a LDAP usant el DNI
17686060A17686060FERNANDEZBURILLO Sense EMAIL a Ginpix, i no es actualitzar sol amb el de LDAP per que pot localitzar a LDAP usant el DNI
78087608D78087608FITEPEDROS Sense EMAIL a Ginpix, i no es actualitzar sol amb el de LDAP per que pot localitzar a LDAP usant el DNI
44017140Q44017140FONTVILA Sense EMAIL a Ginpix, i no es actualitzar sol amb el de LDAP per que pot localitzar a LDAP usant el DNI
47620730N47620730FORESEJARQUE Sense EMAIL a Ginpix, i no es actualitzar sol amb el de LDAP per que pot localitzar a LDAP usant el DNI
18165801X18165801FUERTESNAVARRO Sense EMAIL a Ginpix, i no es actualitzar sol amb el de LDAP per que pot localitzar a LDAP usant el DNI
48054820T48054820GARCIALARA Sense EMAIL a Ginpix, i no es actualitzar sol amb el de LDAP per que pot localitzar a LDAP usant el DNI
38779266R38779266GARCIAMASSIP Sense EMAIL a Ginpix, i no es actualitzar sol amb el de LDAP per que pot localitzar a LDAP usant el DNI
43731551H43731551GARCIACASTELLO Sense EMAIL a Ginpix, i no es actualitzar sol amb el de LDAP per que pot localitzar a LDAP usant el DNI
47693723A47693723GARRETDOMINGUEZ Sense EMAIL a Ginpix, i no es actualitzar sol amb el de LDAP per que pot localitzar a LDAP usant el DNI
X7948144BX7948144GARZONGONZALEZ Sense EMAIL a Ginpix, i no es actualitzar sol amb el de LDAP per que pot localitzar a LDAP usant el DNI
53338488Q53338488GASSAMAVALDIVIA Sense EMAIL a Ginpix, i no es actualitzar sol amb el de LDAP per que pot localitzar a LDAP usant el DNI
71106684E71106684GILLIMON Sense EMAIL a Ginpix, i no es actualitzar sol amb el de LDAP per que pot localitzar a LDAP usant el DNI
03299102M03299102GILMARTIN Sense EMAIL a Ginpix, i no es actualitzar sol amb el de LDAP per que pot localitzar a LDAP usant el DNI
48054722V48054722GIMENEZSENTIS Sense EMAIL a Ginpix, i no es actualitzar sol amb el de LDAP per que pot localitzar a LDAP usant el DNI
47170546F47170546GONZALEZSANCHEZ Sense EMAIL a Ginpix, i no es actualitzar sol amb el de LDAP per que pot localitzar a LDAP usant el DNI
47931483N47931483GONZALEZGALLEGO Sense EMAIL a Ginpix, i no es actualitzar sol amb el de LDAP per que pot localitzar a LDAP usant el DNI
38859929A38859929GRUESOCASTELLA Sense EMAIL a Ginpix, i no es actualitzar sol amb el de LDAP per que pot localitzar a LDAP usant el DNI
47902383F47902383GUASCHBOLDU Sense EMAIL a Ginpix, i no es actualitzar sol amb el de LDAP per que pot localitzar a LDAP usant el DNI
47933036R47933036GUIMGARRIGA Sense EMAIL a Ginpix, i no es actualitzar sol amb el de LDAP per que pot localitzar a LDAP usant el DNI
47980175J47980175GUIUGRACIA Sense EMAIL a Ginpix, i no es actualitzar sol amb el de LDAP per que pot localitzar a LDAP usant el DNI
X8488933RX8488933HEREÑU Sense EMAIL a Ginpix, i no es actualitzar sol amb el de LDAP per que pot localitzar a LDAP usant el DNI
48055386Z48055386HIDALGOCOS Sense EMAIL a Ginpix, i no es actualitzar sol amb el de LDAP per que pot localitzar a LDAP usant el DNI
46464529K46464529HUELAMOSEGURA Sense EMAIL a Ginpix, i no es actualitzar sol amb el de LDAP per que pot localitzar a LDAP usant el DNI
Y2185541AY2185541HUWEL Sense EMAIL a Ginpix, i no es actualitzar sol amb el de LDAP per que pot localitzar a LDAP usant el DNI
40843299Z40843299JAUSETBERROCAL Sense EMAIL a Ginpix, i no es actualitzar sol amb el de LDAP per que pot localitzar a LDAP usant el DNI
Y2681873HY2681873JIMENEZLOPEZ Sense EMAIL a Ginpix, i no es actualitzar sol amb el de LDAP per que pot localitzar a LDAP usant el DNI
40857558J40857558JORDANAFARRE Sense EMAIL a Ginpix, i no es actualitzar sol amb el de LDAP per que pot localitzar a LDAP usant el DNI
78099251Z78099251JORDANAMESTRE Sense EMAIL a Ginpix, i no es actualitzar sol amb el de LDAP per que pot localitzar a LDAP usant el DNI
43680151T43680151JOSEPHBENET Sense EMAIL a Ginpix, i no es actualitzar sol amb el de LDAP per que pot localitzar a LDAP usant el DNI
78075446Z78075446JOVELLGRAU Sense EMAIL a Ginpix, i no es actualitzar sol amb el de LDAP per que pot localitzar a LDAP usant el DNI
53291558Y53291558JUAREZMENDEZ Sense EMAIL a Ginpix, i no es actualitzar sol amb el de LDAP per que pot localitzar a LDAP usant el DNI
41556808V41556808LAHOZTENA Sense EMAIL a Ginpix, i no es actualitzar sol amb el de LDAP per que pot localitzar a LDAP usant el DNI
73211314Z73211314LANAUSOLER Sense EMAIL a Ginpix, i no es actualitzar sol amb el de LDAP per que pot localitzar a LDAP usant el DNI
43723480C43723480LEGAVIDAL Sense EMAIL a Ginpix, i no es actualitzar sol amb el de LDAP per que pot localitzar a LDAP usant el DNI
18065951A18065951LOSCERTALESARTIEDA Sense EMAIL a Ginpix, i no es actualitzar sol amb el de LDAP per que pot localitzar a LDAP usant el DNI
78094280B78094280MACAYASOLANES Sense EMAIL a Ginpix, i no es actualitzar sol amb el de LDAP per que pot localitzar a LDAP usant el DNI
47904589M47904589MACIASMARQUEZ Sense EMAIL a Ginpix, i no es actualitzar sol amb el de LDAP per que pot localitzar a LDAP usant el DNI
78066177Z78066177MALLADAARBONES Sense EMAIL a Ginpix, i no es actualitzar sol amb el de LDAP per que pot localitzar a LDAP usant el DNI
40884304X40884304MALLOLAGULLO Sense EMAIL a Ginpix, i no es actualitzar sol amb el de LDAP per que pot localitzar a LDAP usant el DNI
43187821P43187821MARTIDOMINGUEZ Sense EMAIL a Ginpix, i no es actualitzar sol amb el de LDAP per que pot localitzar a LDAP usant el DNI
38147742B38147742MARTINRODRIGUEZ Sense EMAIL a Ginpix, i no es actualitzar sol amb el de LDAP per que pot localitzar a LDAP usant el DNI
43747802P43747802MARTINEZBAENA Sense EMAIL a Ginpix, i no es actualitzar sol amb el de LDAP per que pot localitzar a LDAP usant el DNI
40875135H40875135MASMAS Sense EMAIL a Ginpix, i no es actualitzar sol amb el de LDAP per que pot localitzar a LDAP usant el DNI
73002948M73002948MATEOMARIN Sense EMAIL a Ginpix, i no es actualitzar sol amb el de LDAP per que pot localitzar a LDAP usant el DNI
25469729N25469729MIGUELBLANCO Sense EMAIL a Ginpix, i no es actualitzar sol amb el de LDAP per que pot localitzar a LDAP usant el DNI
48051777Q48051777MILLANACOSTA Sense EMAIL a Ginpix, i no es actualitzar sol amb el de LDAP per que pot localitzar a LDAP usant el DNI
48252651P48252651MIROLOPEZ Sense EMAIL a Ginpix, i no es actualitzar sol amb el de LDAP per que pot localitzar a LDAP usant el DNI
47902984X47902984MONTARDITSANJUAN Sense EMAIL a Ginpix, i no es actualitzar sol amb el de LDAP per que pot localitzar a LDAP usant el DNI
47688580N47688580MORENOBIFET Sense EMAIL a Ginpix, i no es actualitzar sol amb el de LDAP per que pot localitzar a LDAP usant el DNI
43227316N43227316MOTAMARTORELL Sense EMAIL a Ginpix, i no es actualitzar sol amb el de LDAP per que pot localitzar a LDAP usant el DNI
78094916A78094916NADALPONT Sense EMAIL a Ginpix, i no es actualitzar sol amb el de LDAP per que pot localitzar a LDAP usant el DNI
48053664V48053664NEGRECANO Sense EMAIL a Ginpix, i no es actualitzar sol amb el de LDAP per que pot localitzar a LDAP usant el DNI
41077412X41077412NISTALREFART Sense EMAIL a Ginpix, i no es actualitzar sol amb el de LDAP per que pot localitzar a LDAP usant el DNI
47934256W47934256NOUCARRERA Sense EMAIL a Ginpix, i no es actualitzar sol amb el de LDAP per que pot localitzar a LDAP usant el DNI
72489575S72489575OJANGURENARRANZ Sense EMAIL a Ginpix, i no es actualitzar sol amb el de LDAP per que pot localitzar a LDAP usant el DNI
72987769Y72987769OLMOGRACIA Sense EMAIL a Ginpix, i no es actualitzar sol amb el de LDAP per que pot localitzar a LDAP usant el DNI
45720585N45720585OREIROSOLE Sense EMAIL a Ginpix, i no es actualitzar sol amb el de LDAP per que pot localitzar a LDAP usant el DNI
X9537037HX9537037PADUREAN Sense EMAIL a Ginpix, i no es actualitzar sol amb el de LDAP per que pot localitzar a LDAP usant el DNI
X6205673CX6205673PAL Sense EMAIL a Ginpix, i no es actualitzar sol amb el de LDAP per que pot localitzar a LDAP usant el DNI
53652920S53652920PALACIOSTRUJILLO Sense EMAIL a Ginpix, i no es actualitzar sol amb el de LDAP per que pot localitzar a LDAP usant el DNI
43716132D43716132PALLASCORREDERA Sense EMAIL a Ginpix, i no es actualitzar sol amb el de LDAP per que pot localitzar a LDAP usant el DNI
47924785F47924785PASSOLSMANZANO Sense EMAIL a Ginpix, i no es actualitzar sol amb el de LDAP per que pot localitzar a LDAP usant el DNI
47900444T47900444PEDROSALUQUE Sense EMAIL a Ginpix, i no es actualitzar sol amb el de LDAP per que pot localitzar a LDAP usant el DNI
40858098R40858098PEIRORICART Sense EMAIL a Ginpix, i no es actualitzar sol amb el de LDAP per que pot localitzar a LDAP usant el DNI
X8792440TX8792440PEREIRADE SOUSA Sense EMAIL a Ginpix, i no es actualitzar sol amb el de LDAP per que pot localitzar a LDAP usant el DNI
47984388V47984388PEREZRUBIO Sense EMAIL a Ginpix, i no es actualitzar sol amb el de LDAP per que pot localitzar a LDAP usant el DNI
06278367B06278367PEREZBENITO Sense EMAIL a Ginpix, i no es actualitzar sol amb el de LDAP per que pot localitzar a LDAP usant el DNI
40867303Y40867303PIFARRETORRES Sense EMAIL a Ginpix, i no es actualitzar sol amb el de LDAP per que pot localitzar a LDAP usant el DNI
43732454R43732454PIJUANAGUDO Sense EMAIL a Ginpix, i no es actualitzar sol amb el de LDAP per que pot localitzar a LDAP usant el DNI
40365358J40365358PINOSALAMAÑA Sense EMAIL a Ginpix, i no es actualitzar sol amb el de LDAP per que pot localitzar a LDAP usant el DNI
40865967G40865967PIQUEPERPINYA Sense EMAIL a Ginpix, i no es actualitzar sol amb el de LDAP per que pot localitzar a LDAP usant el DNI
40883085X40883085PLANESNONELL Sense EMAIL a Ginpix, i no es actualitzar sol amb el de LDAP per que pot localitzar a LDAP usant el DNI
43701630C43701630PORTECAPDEVILA Sense EMAIL a Ginpix, i no es actualitzar sol amb el de LDAP per que pot localitzar a LDAP usant el DNI
78078167K78078167PRADOPAREDES Sense EMAIL a Ginpix, i no es actualitzar sol amb el de LDAP per que pot localitzar a LDAP usant el DNI
40857344Y40857344PUIGGANAU Sense EMAIL a Ginpix, i no es actualitzar sol amb el de LDAP per que pot localitzar a LDAP usant el DNI
40894184T40894184PUJOLLLOBERA Sense EMAIL a Ginpix, i no es actualitzar sol amb el de LDAP per que pot localitzar a LDAP usant el DNI
40895684M40895684QUINTILLAZANUY Sense EMAIL a Ginpix, i no es actualitzar sol amb el de LDAP per que pot localitzar a LDAP usant el DNI
Y3580132NY3580132RASSENDREN Sense EMAIL a Ginpix, i no es actualitzar sol amb el de LDAP per que pot localitzar a LDAP usant el DNI
47983268R47983268RIBALOPEZ Sense EMAIL a Ginpix, i no es actualitzar sol amb el de LDAP per que pot localitzar a LDAP usant el DNI
40864285R40864285RIUSBESOLI Sense EMAIL a Ginpix, i no es actualitzar sol amb el de LDAP per que pot localitzar a LDAP usant el DNI
43708664Q43708664ROCABURILLO Sense EMAIL a Ginpix, i no es actualitzar sol amb el de LDAP per que pot localitzar a LDAP usant el DNI
40872663F40872663RODRIGUEZAIBAR Sense EMAIL a Ginpix, i no es actualitzar sol amb el de LDAP per que pot localitzar a LDAP usant el DNI
47691708N47691708ROSELLOSANS Sense EMAIL a Ginpix, i no es actualitzar sol amb el de LDAP per que pot localitzar a LDAP usant el DNI
40899851D40899851RUFATCASALS Sense EMAIL a Ginpix, i no es actualitzar sol amb el de LDAP per que pot localitzar a LDAP usant el DNI
X4712542AX4712542RUNCAN Sense EMAIL a Ginpix, i no es actualitzar sol amb el de LDAP per que pot localitzar a LDAP usant el DNI
Y0530537XY0530537RUSCONI Sense EMAIL a Ginpix, i no es actualitzar sol amb el de LDAP per que pot localitzar a LDAP usant el DNI
40862128Y40862128SALUDPUIG Sense EMAIL a Ginpix, i no es actualitzar sol amb el de LDAP per que pot localitzar a LDAP usant el DNI
40841278V40841278SANCHEZSANJUAN Sense EMAIL a Ginpix, i no es actualitzar sol amb el de LDAP per que pot localitzar a LDAP usant el DNI
40869039V40869039SARRADELLPASCUAL Sense EMAIL a Ginpix, i no es actualitzar sol amb el de LDAP per que pot localitzar a LDAP usant el DNI
X5726067XX5726067SASANCHYN Sense EMAIL a Ginpix, i no es actualitzar sol amb el de LDAP per que pot localitzar a LDAP usant el DNI
48350375M48350375SEGUIARNAU Sense EMAIL a Ginpix, i no es actualitzar sol amb el de LDAP per que pot localitzar a LDAP usant el DNI
48253040Y48253040SEGURACARRILLO Sense EMAIL a Ginpix, i no es actualitzar sol amb el de LDAP per que pot localitzar a LDAP usant el DNI
78099922H78099922SEMENTEFERNANDEZ Sense EMAIL a Ginpix, i no es actualitzar sol amb el de LDAP per que pot localitzar a LDAP usant el DNI
40893138N40893138SIRATJOANIQUET Sense EMAIL a Ginpix, i no es actualitzar sol amb el de LDAP per que pot localitzar a LDAP usant el DNI
74086617Y74086617SIRVENTCARBONELL Sense EMAIL a Ginpix, i no es actualitzar sol amb el de LDAP per que pot localitzar a LDAP usant el DNI
43702011X43702011SISCARTALBERICH Sense EMAIL a Ginpix, i no es actualitzar sol amb el de LDAP per que pot localitzar a LDAP usant el DNI
40844944A40844944SOLANILLACLAVERIA Sense EMAIL a Ginpix, i no es actualitzar sol amb el de LDAP per que pot localitzar a LDAP usant el DNI
47697058A47697058SOLEFARRE Sense EMAIL a Ginpix, i no es actualitzar sol amb el de LDAP per que pot localitzar a LDAP usant el DNI
40899950Q40899950SOLSONACOMPANYS Sense EMAIL a Ginpix, i no es actualitzar sol amb el de LDAP per que pot localitzar a LDAP usant el DNI
52593932Q52593932SORIANOLLOPIS Sense EMAIL a Ginpix, i no es actualitzar sol amb el de LDAP per que pot localitzar a LDAP usant el DNI
78065914G78065914SORRIBESSERRA Sense EMAIL a Ginpix, i no es actualitzar sol amb el de LDAP per que pot localitzar a LDAP usant el DNI
47698098P47698098TABERNERVALLVERDU Sense EMAIL a Ginpix, i no es actualitzar sol amb el de LDAP per que pot localitzar a LDAP usant el DNI
40875576E40875576TERREVILA Sense EMAIL a Ginpix, i no es actualitzar sol amb el de LDAP per que pot localitzar a LDAP usant el DNI
78095603T78095603TERUELGUISADO Sense EMAIL a Ginpix, i no es actualitzar sol amb el de LDAP per que pot localitzar a LDAP usant el DNI
18062256B18062256TIERZPUYUELO Sense EMAIL a Ginpix, i no es actualitzar sol amb el de LDAP per que pot localitzar a LDAP usant el DNI
78072069H78072069TOLOSANOVELL Sense EMAIL a Ginpix, i no es actualitzar sol amb el de LDAP per que pot localitzar a LDAP usant el DNI
40923289X40923289TORNETARRAGO Sense EMAIL a Ginpix, i no es actualitzar sol amb el de LDAP per que pot localitzar a LDAP usant el DNI
43722264T43722264TORRESTORRUELLA Sense EMAIL a Ginpix, i no es actualitzar sol amb el de LDAP per que pot localitzar a LDAP usant el DNI
43708758H43708758VALLVERDUDEL RIO Sense EMAIL a Ginpix, i no es actualitzar sol amb el de LDAP per que pot localitzar a LDAP usant el DNI
40870422C40870422VALSLOAN Sense EMAIL a Ginpix, i no es actualitzar sol amb el de LDAP per que pot localitzar a LDAP usant el DNI
Y3588512CY3588512VICENTEBENFEITAS Sense EMAIL a Ginpix, i no es actualitzar sol amb el de LDAP per que pot localitzar a LDAP usant el DNI
40860911P40860911VIDALBOLDU Sense EMAIL a Ginpix, i no es actualitzar sol amb el de LDAP per que pot localitzar a LDAP usant el DNI
40884804G40884804VILAJUSTRIBO Sense EMAIL a Ginpix, i no es actualitzar sol amb el de LDAP per que pot localitzar a LDAP usant el DNI
43712691H43712691VILANOVAARBOS Sense EMAIL a Ginpix, i no es actualitzar sol amb el de LDAP per que pot localitzar a LDAP usant el DNI
78101760Q78101760VISAPRETEL Sense EMAIL a Ginpix, i no es actualitzar sol amb el de LDAP per que pot localitzar a LDAP usant el DNI
43742653B43742653VISAGABERNET Sense EMAIL a Ginpix, i no es actualitzar sol amb el de LDAP per que pot localitzar a LDAP usant el DNI
X5806052RX5806052YAELMELANO Sense EMAIL a Ginpix, i no es actualitzar sol amb el de LDAP per que pot localitzar a LDAP usant el DNI19/02/2015 12:50:26
empleats sense email : 0
19/02/2015 12:50:26
empleats sense uid : 9
19/02/2015 12:50:27
Sense UID i problemes al LDAP, no hi ha manera de localitzar a : 52163964ALCALACASTELBLANQUE
19/02/2015 12:50:28
Sense UID i problemes al LDAP, no hi ha manera de localitzar a : 25469729MIGUELBLANCO
19/02/2015 12:50:28
Sense UID i problemes al LDAP, no hi ha manera de localitzar a : 47698098TABERNERVALLVERDU
19/02/2015 12:50:29
Sense UID i problemes al LDAP, no hi ha manera de localitzar a : 52593932SORIANOLLOPIS
19/02/2015 12:50:30
Sense UID i problemes al LDAP, no hi ha manera de localitzar a : Y2681873JIMENEZLOPEZ
19/02/2015 12:50:30
Sense UID i problemes al LDAP, no hi ha manera de localitzar a : 72489575OJANGURENARRANZ
19/02/2015 12:50:31
Sense UID i problemes al LDAP, no hi ha manera de localitzar a : 47931483GONZALEZGALLEGO
19/02/2015 12:50:32
Sense UID i problemes al LDAP, no hi ha manera de localitzar a : 53652920PALACIOSTRUJILLO
19/02/2015 12:50:32
Sense UID i problemes al LDAP, no hi ha manera de localitzar a : Y3588512VICENTEBENFEITAS

47932758E47932758AGUILAFRIAS Sense EMAIL a Ginpix, i no es actualitzar sol amb el de LDAP per que pot localitzar a LDAP usant el DNI
73574193E73574193AGUILARHERNANDEZ Sense EMAIL a Ginpix, i no es actualitzar sol amb el de LDAP per que pot localitzar a LDAP usant el DNI19/02/2015 12:52:25
empleats sense email : 0
19/02/2015 12:52:25
empleats sense uid : 9
19/02/2015 12:52:26
Sense UID i problemes al LDAP, no hi ha manera de localitzar a : 52163964ALCALACASTELBLANQUE
19/02/2015 12:52:26
Sense UID i problemes al LDAP, no hi ha manera de localitzar a : 25469729MIGUELBLANCO
19/02/2015 12:52:27
Sense UID i problemes al LDAP, no hi ha manera de localitzar a : 47698098TABERNERVALLVERDU
19/02/2015 12:52:28
Sense UID i problemes al LDAP, no hi ha manera de localitzar a : 52593932SORIANOLLOPIS
19/02/2015 12:52:28
Sense UID i problemes al LDAP, no hi ha manera de localitzar a : Y2681873JIMENEZLOPEZ
19/02/2015 12:52:29
Sense UID i problemes al LDAP, no hi ha manera de localitzar a : 72489575OJANGURENARRANZ
19/02/2015 12:52:29
Sense UID i problemes al LDAP, no hi ha manera de localitzar a : 47931483GONZALEZGALLEGO
19/02/2015 12:52:30
Sense UID i problemes al LDAP, no hi ha manera de localitzar a : 53652920PALACIOSTRUJILLO
19/02/2015 12:52:30
Sense UID i problemes al LDAP, no hi ha manera de localitzar a : Y3588512VICENTEBENFEITAS

47932758E47932758AGUILAFRIAS Sense EMAIL a Ginpix, i no es actualitzar sol amb el de LDAP per que pot localitzar a LDAP usant el DNI
73574193E73574193AGUILARHERNANDEZ Sense EMAIL a Ginpix, i no es actualitzar sol amb el de LDAP per que pot localitzar a LDAP usant el DNI
03084489M03084489ARMENGOLBALCELLS Sense EMAIL a Ginpix, i no es actualitzar sol amb el de LDAP per que pot localitzar a LDAP usant el DNI
41079338G41079338ARMENGOLROSELL Sense EMAIL a Ginpix, i no es actualitzar sol amb el de LDAP per que pot localitzar a LDAP usant el DNI
73207564J73207564ARTASONAVEGAS Sense EMAIL a Ginpix, i no es actualitzar sol amb el de LDAP per que pot localitzar a LDAP usant el DNI
Y2504416TY2504416ATHANASOPOULOS Sense EMAIL a Ginpix, i no es actualitzar sol amb el de LDAP per que pot localitzar a LDAP usant el DNI
48051170F48051170AVENTINVALERO Sense EMAIL a Ginpix, i no es actualitzar sol amb el de LDAP per que pot localitzar a LDAP usant el DNI
78079783G78079783BALCELLSSERRA Sense EMAIL a Ginpix, i no es actualitzar sol amb el de LDAP per que pot localitzar a LDAP usant el DNI
78077554Y78077554BARRILBRESCO Sense EMAIL a Ginpix, i no es actualitzar sol amb el de LDAP per que pot localitzar a LDAP usant el DNI
43524253L43524253BATLLEMEGALE Sense EMAIL a Ginpix, i no es actualitzar sol amb el de LDAP per que pot localitzar a LDAP usant el DNI
38494510P38494510BECKGIMENEZ Sense EMAIL a Ginpix, i no es actualitzar sol amb el de LDAP per que pot localitzar a LDAP usant el DNI
73201881B73201881BLANCOLOPEZ DE ZAMORA Sense EMAIL a Ginpix, i no es actualitzar sol amb el de LDAP per que pot localitzar a LDAP usant el DNI
78079488P78079488BONEUFARRE Sense EMAIL a Ginpix, i no es actualitzar sol amb el de LDAP per que pot localitzar a LDAP usant el DNI
47903023A47903023BRAGOSNOGUE Sense EMAIL a Ginpix, i no es actualitzar sol amb el de LDAP per que pot localitzar a LDAP usant el DNI
47933461N47933461BRINGUEMARTINEZ Sense EMAIL a Ginpix, i no es actualitzar sol amb el de LDAP per que pot localitzar a LDAP usant el DNI
X4140393WX4140393BURCKHART Sense EMAIL a Ginpix, i no es actualitzar sol amb el de LDAP per que pot localitzar a LDAP usant el DNI
40879086J40879086BURGUESLLURDA Sense EMAIL a Ginpix, i no es actualitzar sol amb el de LDAP per que pot localitzar a LDAP usant el DNI
78084587R78084587CALLAULLORENS Sense EMAIL a Ginpix, i no es actualitzar sol amb el de LDAP per que pot localitzar a LDAP usant el DNI
43733262G43733262CALVOMOYA Sense EMAIL a Ginpix, i no es actualitzar sol amb el de LDAP per que pot localitzar a LDAP usant el DNI
78099266Y78099266CAMARACAMARA Sense EMAIL a Ginpix, i no es actualitzar sol amb el de LDAP per que pot localitzar a LDAP usant el DNI
37667435J37667435CANALSCASAS Sense EMAIL a Ginpix, i no es actualitzar sol amb el de LDAP per que pot localitzar a LDAP usant el DNI
78095567X78095567CARDONACOLOM Sense EMAIL a Ginpix, i no es actualitzar sol amb el de LDAP per que pot localitzar a LDAP usant el DNI
29010418N29010418CASESVALERO Sense EMAIL a Ginpix, i no es actualitzar sol amb el de LDAP per que pot localitzar a LDAP usant el DNI
43701982G43701982CASTELLAVALL Sense EMAIL a Ginpix, i no es actualitzar sol amb el de LDAP per que pot localitzar a LDAP usant el DNI
40899143Z40899143CASTELLOBALCELLS Sense EMAIL a Ginpix, i no es actualitzar sol amb el de LDAP per que pot localitzar a LDAP usant el DNI
43716998R43716998CASTELLOLLOP Sense EMAIL a Ginpix, i no es actualitzar sol amb el de LDAP per que pot localitzar a LDAP usant el DNI
48054182Y48054182CASTELLVIALONSO Sense EMAIL a Ginpix, i no es actualitzar sol amb el de LDAP per que pot localitzar a LDAP usant el DNI
40857855B40857855CASTILLOCERVELLO Sense EMAIL a Ginpix, i no es actualitzar sol amb el de LDAP per que pot localitzar a LDAP usant el DNI
47695324V47695324CATALINAHERNANDEZ Sense EMAIL a Ginpix, i no es actualitzar sol amb el de LDAP per que pot localitzar a LDAP usant el DNI
47658385Q47658385CHIQUILLOLLAURADO Sense EMAIL a Ginpix, i no es actualitzar sol amb el de LDAP per que pot localitzar a LDAP usant el DNI
36525918D36525918CIVITCARBONELL Sense EMAIL a Ginpix, i no es actualitzar sol amb el de LDAP per que pot localitzar a LDAP usant el DNI
39389748V39389748COMASANTASUSAGNA Sense EMAIL a Ginpix, i no es actualitzar sol amb el de LDAP per que pot localitzar a LDAP usant el DNI
78099994K78099994CORONADOTARROJA Sense EMAIL a Ginpix, i no es actualitzar sol amb el de LDAP per que pot localitzar a LDAP usant el DNI
40429278Q40429278CRIADODIEZ Sense EMAIL a Ginpix, i no es actualitzar sol amb el de LDAP per que pot localitzar a LDAP usant el DNI
47855222L47855222CURTOREVERTE Sense EMAIL a Ginpix, i no es actualitzar sol amb el de LDAP per que pot localitzar a LDAP usant el DNI
72650453P72650453DE FRUTOSRINCON Sense EMAIL a Ginpix, i no es actualitzar sol amb el de LDAP per que pot localitzar a LDAP usant el DNI
49758442N49758442DIAWARADIABY Sense EMAIL a Ginpix, i no es actualitzar sol amb el de LDAP per que pot localitzar a LDAP usant el DNI
39929070N39929070ESCOLASALES Sense EMAIL a Ginpix, i no es actualitzar sol amb el de LDAP per que pot localitzar a LDAP usant el DNI
40891453Y40891453ESCOLALONCHA Sense EMAIL a Ginpix, i no es actualitzar sol amb el de LDAP per que pot localitzar a LDAP usant el DNI
40893371S40893371ESTARANJUSTRIBO Sense EMAIL a Ginpix, i no es actualitzar sol amb el de LDAP per que pot localitzar a LDAP usant el DNI
X3259300QX3259300ETTALYDY Sense EMAIL a Ginpix, i no es actualitzar sol amb el de LDAP per que pot localitzar a LDAP usant el DNI
40870127R40870127FARRERAVIDAL Sense EMAIL a Ginpix, i no es actualitzar sol amb el de LDAP per que pot localitzar a LDAP usant el DNI
78076634Y78076634FAURASAURET Sense EMAIL a Ginpix, i no es actualitzar sol amb el de LDAP per que pot localitzar a LDAP usant el DNI
17686060A17686060FERNANDEZBURILLO Sense EMAIL a Ginpix, i no es actualitzar sol amb el de LDAP per que pot localitzar a LDAP usant el DNI
78087608D78087608FITEPEDROS Sense EMAIL a Ginpix, i no es actualitzar sol amb el de LDAP per que pot localitzar a LDAP usant el DNI
44017140Q44017140FONTVILA Sense EMAIL a Ginpix, i no es actualitzar sol amb el de LDAP per que pot localitzar a LDAP usant el DNI
47620730N47620730FORESEJARQUE Sense EMAIL a Ginpix, i no es actualitzar sol amb el de LDAP per que pot localitzar a LDAP usant el DNI
18165801X18165801FUERTESNAVARRO Sense EMAIL a Ginpix, i no es actualitzar sol amb el de LDAP per que pot localitzar a LDAP usant el DNI
48054820T48054820GARCIALARA Sense EMAIL a Ginpix, i no es actualitzar sol amb el de LDAP per que pot localitzar a LDAP usant el DNI
38779266R38779266GARCIAMASSIP Sense EMAIL a Ginpix, i no es actualitzar sol amb el de LDAP per que pot localitzar a LDAP usant el DNI
43731551H43731551GARCIACASTELLO Sense EMAIL a Ginpix, i no es actualitzar sol amb el de LDAP per que pot localitzar a LDAP usant el DNI
47693723A47693723GARRETDOMINGUEZ Sense EMAIL a Ginpix, i no es actualitzar sol amb el de LDAP per que pot localitzar a LDAP usant el DNI
X7948144BX7948144GARZONGONZALEZ Sense EMAIL a Ginpix, i no es actualitzar sol amb el de LDAP per que pot localitzar a LDAP usant el DNI
53338488Q53338488GASSAMAVALDIVIA Sense EMAIL a Ginpix, i no es actualitzar sol amb el de LDAP per que pot localitzar a LDAP usant el DNI
71106684E71106684GILLIMON Sense EMAIL a Ginpix, i no es actualitzar sol amb el de LDAP per que pot localitzar a LDAP usant el DNI
03299102M03299102GILMARTIN Sense EMAIL a Ginpix, i no es actualitzar sol amb el de LDAP per que pot localitzar a LDAP usant el DNI
48054722V48054722GIMENEZSENTIS Sense EMAIL a Ginpix, i no es actualitzar sol amb el de LDAP per que pot localitzar a LDAP usant el DNI
47170546F47170546GONZALEZSANCHEZ Sense EMAIL a Ginpix, i no es actualitzar sol amb el de LDAP per que pot localitzar a LDAP usant el DNI
47931483N47931483GONZALEZGALLEGO Sense EMAIL a Ginpix, i no es actualitzar sol amb el de LDAP per que pot localitzar a LDAP usant el DNI
38859929A38859929GRUESOCASTELLA Sense EMAIL a Ginpix, i no es actualitzar sol amb el de LDAP per que pot localitzar a LDAP usant el DNI
47902383F47902383GUASCHBOLDU Sense EMAIL a Ginpix, i no es actualitzar sol amb el de LDAP per que pot localitzar a LDAP usant el DNI
47933036R47933036GUIMGARRIGA Sense EMAIL a Ginpix, i no es actualitzar sol amb el de LDAP per que pot localitzar a LDAP usant el DNI
47980175J47980175GUIUGRACIA Sense EMAIL a Ginpix, i no es actualitzar sol amb el de LDAP per que pot localitzar a LDAP usant el DNI
X8488933RX8488933HEREÑU Sense EMAIL a Ginpix, i no es actualitzar sol amb el de LDAP per que pot localitzar a LDAP usant el DNI
48055386Z48055386HIDALGOCOS Sense EMAIL a Ginpix, i no es actualitzar sol amb el de LDAP per que pot localitzar a LDAP usant el DNI
46464529K46464529HUELAMOSEGURA Sense EMAIL a Ginpix, i no es actualitzar sol amb el de LDAP per que pot localitzar a LDAP usant el DNI
Y2185541AY2185541HUWEL Sense EMAIL a Ginpix, i no es actualitzar sol amb el de LDAP per que pot localitzar a LDAP usant el DNI
40843299Z40843299JAUSETBERROCAL Sense EMAIL a Ginpix, i no es actualitzar sol amb el de LDAP per que pot localitzar a LDAP usant el DNI
Y2681873HY2681873JIMENEZLOPEZ Sense EMAIL a Ginpix, i no es actualitzar sol amb el de LDAP per que pot localitzar a LDAP usant el DNI
40857558J40857558JORDANAFARRE Sense EMAIL a Ginpix, i no es actualitzar sol amb el de LDAP per que pot localitzar a LDAP usant el DNI
78099251Z78099251JORDANAMESTRE Sense EMAIL a Ginpix, i no es actualitzar sol amb el de LDAP per que pot localitzar a LDAP usant el DNI
43680151T43680151JOSEPHBENET Sense EMAIL a Ginpix, i no es actualitzar sol amb el de LDAP per que pot localitzar a LDAP usant el DNI
78075446Z78075446JOVELLGRAU Sense EMAIL a Ginpix, i no es actualitzar sol amb el de LDAP per que pot localitzar a LDAP usant el DNI
53291558Y53291558JUAREZMENDEZ Sense EMAIL a Ginpix, i no es actualitzar sol amb el de LDAP per que pot localitzar a LDAP usant el DNI
41556808V41556808LAHOZTENA Sense EMAIL a Ginpix, i no es actualitzar sol amb el de LDAP per que pot localitzar a LDAP usant el DNI
73211314Z73211314LANAUSOLER Sense EMAIL a Ginpix, i no es actualitzar sol amb el de LDAP per que pot localitzar a LDAP usant el DNI
43723480C43723480LEGAVIDAL Sense EMAIL a Ginpix, i no es actualitzar sol amb el de LDAP per que pot localitzar a LDAP usant el DNI
18065951A18065951LOSCERTALESARTIEDA Sense EMAIL a Ginpix, i no es actualitzar sol amb el de LDAP per que pot localitzar a LDAP usant el DNI
78094280B78094280MACAYASOLANES Sense EMAIL a Ginpix, i no es actualitzar sol amb el de LDAP per que pot localitzar a LDAP usant el DNI
47904589M47904589MACIASMARQUEZ Sense EMAIL a Ginpix, i no es actualitzar sol amb el de LDAP per que pot localitzar a LDAP usant el DNI
78066177Z78066177MALLADAARBONES Sense EMAIL a Ginpix, i no es actualitzar sol amb el de LDAP per que pot localitzar a LDAP usant el DNI
40884304X40884304MALLOLAGULLO Sense EMAIL a Ginpix, i no es actualitzar sol amb el de LDAP per que pot localitzar a LDAP usant el DNI
43187821P43187821MARTIDOMINGUEZ Sense EMAIL a Ginpix, i no es actualitzar sol amb el de LDAP per que pot localitzar a LDAP usant el DNI
38147742B38147742MARTINRODRIGUEZ Sense EMAIL a Ginpix, i no es actualitzar sol amb el de LDAP per que pot localitzar a LDAP usant el DNI
43747802P43747802MARTINEZBAENA Sense EMAIL a Ginpix, i no es actualitzar sol amb el de LDAP per que pot localitzar a LDAP usant el DNI
40875135H40875135MASMAS Sense EMAIL a Ginpix, i no es actualitzar sol amb el de LDAP per que pot localitzar a LDAP usant el DNI
73002948M73002948MATEOMARIN Sense EMAIL a Ginpix, i no es actualitzar sol amb el de LDAP per que pot localitzar a LDAP usant el DNI
25469729N25469729MIGUELBLANCO Sense EMAIL a Ginpix, i no es actualitzar sol amb el de LDAP per que pot localitzar a LDAP usant el DNI
48051777Q48051777MILLANACOSTA Sense EMAIL a Ginpix, i no es actualitzar sol amb el de LDAP per que pot localitzar a LDAP usant el DNI
48252651P48252651MIROLOPEZ Sense EMAIL a Ginpix, i no es actualitzar sol amb el de LDAP per que pot localitzar a LDAP usant el DNI
47902984X47902984MONTARDITSANJUAN Sense EMAIL a Ginpix, i no es actualitzar sol amb el de LDAP per que pot localitzar a LDAP usant el DNI
47688580N47688580MORENOBIFET Sense EMAIL a Ginpix, i no es actualitzar sol amb el de LDAP per que pot localitzar a LDAP usant el DNI
43227316N43227316MOTAMARTORELL Sense EMAIL a Ginpix, i no es actualitzar sol amb el de LDAP per que pot localitzar a LDAP usant el DNI
78094916A78094916NADALPONT Sense EMAIL a Ginpix, i no es actualitzar sol amb el de LDAP per que pot localitzar a LDAP usant el DNI
48053664V48053664NEGRECANO Sense EMAIL a Ginpix, i no es actualitzar sol amb el de LDAP per que pot localitzar a LDAP usant el DNI
41077412X41077412NISTALREFART Sense EMAIL a Ginpix, i no es actualitzar sol amb el de LDAP per que pot localitzar a LDAP usant el DNI
47934256W47934256NOUCARRERA Sense EMAIL a Ginpix, i no es actualitzar sol amb el de LDAP per que pot localitzar a LDAP usant el DNI
72489575S72489575OJANGURENARRANZ Sense EMAIL a Ginpix, i no es actualitzar sol amb el de LDAP per que pot localitzar a LDAP usant el DNI
72987769Y72987769OLMOGRACIA Sense EMAIL a Ginpix, i no es actualitzar sol amb el de LDAP per que pot localitzar a LDAP usant el DNI
45720585N45720585OREIROSOLE Sense EMAIL a Ginpix, i no es actualitzar sol amb el de LDAP per que pot localitzar a LDAP usant el DNI
X9537037HX9537037PADUREAN Sense EMAIL a Ginpix, i no es actualitzar sol amb el de LDAP per que pot localitzar a LDAP usant el DNI
X6205673CX6205673PAL Sense EMAIL a Ginpix, i no es actualitzar sol amb el de LDAP per que pot localitzar a LDAP usant el DNI
53652920S53652920PALACIOSTRUJILLO Sense EMAIL a Ginpix, i no es actualitzar sol amb el de LDAP per que pot localitzar a LDAP usant el DNI
43716132D43716132PALLASCORREDERA Sense EMAIL a Ginpix, i no es actualitzar sol amb el de LDAP per que pot localitzar a LDAP usant el DNI
47924785F47924785PASSOLSMANZANO Sense EMAIL a Ginpix, i no es actualitzar sol amb el de LDAP per que pot localitzar a LDAP usant el DNI
47900444T47900444PEDROSALUQUE Sense EMAIL a Ginpix, i no es actualitzar sol amb el de LDAP per que pot localitzar a LDAP usant el DNI
40858098R40858098PEIRORICART Sense EMAIL a Ginpix, i no es actualitzar sol amb el de LDAP per que pot localitzar a LDAP usant el DNI
X8792440TX8792440PEREIRADE SOUSA Sense EMAIL a Ginpix, i no es actualitzar sol amb el de LDAP per que pot localitzar a LDAP usant el DNI
47984388V47984388PEREZRUBIO Sense EMAIL a Ginpix, i no es actualitzar sol amb el de LDAP per que pot localitzar a LDAP usant el DNI
06278367B06278367PEREZBENITO Sense EMAIL a Ginpix, i no es actualitzar sol amb el de LDAP per que pot localitzar a LDAP usant el DNI
40867303Y40867303PIFARRETORRES Sense EMAIL a Ginpix, i no es actualitzar sol amb el de LDAP per que pot localitzar a LDAP usant el DNI
43732454R43732454PIJUANAGUDO Sense EMAIL a Ginpix, i no es actualitzar sol amb el de LDAP per que pot localitzar a LDAP usant el DNI
40365358J40365358PINOSALAMAÑA Sense EMAIL a Ginpix, i no es actualitzar sol amb el de LDAP per que pot localitzar a LDAP usant el DNI
40865967G40865967PIQUEPERPINYA Sense EMAIL a Ginpix, i no es actualitzar sol amb el de LDAP per que pot localitzar a LDAP usant el DNI
40883085X40883085PLANESNONELL Sense EMAIL a Ginpix, i no es actualitzar sol amb el de LDAP per que pot localitzar a LDAP usant el DNI
43701630C43701630PORTECAPDEVILA Sense EMAIL a Ginpix, i no es actualitzar sol amb el de LDAP per que pot localitzar a LDAP usant el DNI
78078167K78078167PRADOPAREDES Sense EMAIL a Ginpix, i no es actualitzar sol amb el de LDAP per que pot localitzar a LDAP usant el DNI
40857344Y40857344PUIGGANAU Sense EMAIL a Ginpix, i no es actualitzar sol amb el de LDAP per que pot localitzar a LDAP usant el DNI
40894184T40894184PUJOLLLOBERA Sense EMAIL a Ginpix, i no es actualitzar sol amb el de LDAP per que pot localitzar a LDAP usant el DNI
40895684M40895684QUINTILLAZANUY Sense EMAIL a Ginpix, i no es actualitzar sol amb el de LDAP per que pot localitzar a LDAP usant el DNI
Y3580132NY3580132RASSENDREN Sense EMAIL a Ginpix, i no es actualitzar sol amb el de LDAP per que pot localitzar a LDAP usant el DNI
47983268R47983268RIBALOPEZ Sense EMAIL a Ginpix, i no es actualitzar sol amb el de LDAP per que pot localitzar a LDAP usant el DNI
40864285R40864285RIUSBESOLI Sense EMAIL a Ginpix, i no es actualitzar sol amb el de LDAP per que pot localitzar a LDAP usant el DNI
43708664Q43708664ROCABURILLO Sense EMAIL a Ginpix, i no es actualitzar sol amb el de LDAP per que pot localitzar a LDAP usant el DNI
40872663F40872663RODRIGUEZAIBAR Sense EMAIL a Ginpix, i no es actualitzar sol amb el de LDAP per que pot localitzar a LDAP usant el DNI
47691708N47691708ROSELLOSANS Sense EMAIL a Ginpix, i no es actualitzar sol amb el de LDAP per que pot localitzar a LDAP usant el DNI
40899851D40899851RUFATCASALS Sense EMAIL a Ginpix, i no es actualitzar sol amb el de LDAP per que pot localitzar a LDAP usant el DNI
X4712542AX4712542RUNCAN Sense EMAIL a Ginpix, i no es actualitzar sol amb el de LDAP per que pot localitzar a LDAP usant el DNI
Y0530537XY0530537RUSCONI Sense EMAIL a Ginpix, i no es actualitzar sol amb el de LDAP per que pot localitzar a LDAP usant el DNI
40862128Y40862128SALUDPUIG Sense EMAIL a Ginpix, i no es actualitzar sol amb el de LDAP per que pot localitzar a LDAP usant el DNI
40841278V40841278SANCHEZSANJUAN Sense EMAIL a Ginpix, i no es actualitzar sol amb el de LDAP per que pot localitzar a LDAP usant el DNI
40869039V40869039SARRADELLPASCUAL Sense EMAIL a Ginpix, i no es actualitzar sol amb el de LDAP per que pot localitzar a LDAP usant el DNI
X5726067XX5726067SASANCHYN Sense EMAIL a Ginpix, i no es actualitzar sol amb el de LDAP per que pot localitzar a LDAP usant el DNI
48350375M48350375SEGUIARNAU Sense EMAIL a Ginpix, i no es actualitzar sol amb el de LDAP per que pot localitzar a LDAP usant el DNI
48253040Y48253040SEGURACARRILLO Sense EMAIL a Ginpix, i no es actualitzar sol amb el de LDAP per que pot localitzar a LDAP usant el DNI
78099922H78099922SEMENTEFERNANDEZ Sense EMAIL a Ginpix, i no es actualitzar sol amb el de LDAP per que pot localitzar a LDAP usant el DNI
40893138N40893138SIRATJOANIQUET Sense EMAIL a Ginpix, i no es actualitzar sol amb el de LDAP per que pot localitzar a LDAP usant el DNI
74086617Y74086617SIRVENTCARBONELL Sense EMAIL a Ginpix, i no es actualitzar sol amb el de LDAP per que pot localitzar a LDAP usant el DNI
43702011X43702011SISCARTALBERICH Sense EMAIL a Ginpix, i no es actualitzar sol amb el de LDAP per que pot localitzar a LDAP usant el DNI
40844944A40844944SOLANILLACLAVERIA Sense EMAIL a Ginpix, i no es actualitzar sol amb el de LDAP per que pot localitzar a LDAP usant el DNI
47697058A47697058SOLEFARRE Sense EMAIL a Ginpix, i no es actualitzar sol amb el de LDAP per que pot localitzar a LDAP usant el DNI
40899950Q40899950SOLSONACOMPANYS Sense EMAIL a Ginpix, i no es actualitzar sol amb el de LDAP per que pot localitzar a LDAP usant el DNI
52593932Q52593932SORIANOLLOPIS Sense EMAIL a Ginpix, i no es actualitzar sol amb el de LDAP per que pot localitzar a LDAP usant el DNI
78065914G78065914SORRIBESSERRA Sense EMAIL a Ginpix, i no es actualitzar sol amb el de LDAP per que pot localitzar a LDAP usant el DNI
47698098P47698098TABERNERVALLVERDU Sense EMAIL a Ginpix, i no es actualitzar sol amb el de LDAP per que pot localitzar a LDAP usant el DNI
40875576E40875576TERREVILA Sense EMAIL a Ginpix, i no es actualitzar sol amb el de LDAP per que pot localitzar a LDAP usant el DNI
78095603T78095603TERUELGUISADO Sense EMAIL a Ginpix, i no es actualitzar sol amb el de LDAP per que pot localitzar a LDAP usant el DNI
18062256B18062256TIERZPUYUELO Sense EMAIL a Ginpix, i no es actualitzar sol amb el de LDAP per que pot localitzar a LDAP usant el DNI
78072069H78072069TOLOSANOVELL Sense EMAIL a Ginpix, i no es actualitzar sol amb el de LDAP per que pot localitzar a LDAP usant el DNI
40923289X40923289TORNETARRAGO Sense EMAIL a Ginpix, i no es actualitzar sol amb el de LDAP per que pot localitzar a LDAP usant el DNI
43722264T43722264TORRESTORRUELLA Sense EMAIL a Ginpix, i no es actualitzar sol amb el de LDAP per que pot localitzar a LDAP usant el DNI
43708758H43708758VALLVERDUDEL RIO Sense EMAIL a Ginpix, i no es actualitzar sol amb el de LDAP per que pot localitzar a LDAP usant el DNI
40870422C40870422VALSLOAN Sense EMAIL a Ginpix, i no es actualitzar sol amb el de LDAP per que pot localitzar a LDAP usant el DNI
Y3588512CY3588512VICENTEBENFEITAS Sense EMAIL a Ginpix, i no es actualitzar sol amb el de LDAP per que pot localitzar a LDAP usant el DNI
40860911P40860911VIDALBOLDU Sense EMAIL a Ginpix, i no es actualitzar sol amb el de LDAP per que pot localitzar a LDAP usant el DNI
40884804G40884804VILAJUSTRIBO Sense EMAIL a Ginpix, i no es actualitzar sol amb el de LDAP per que pot localitzar a LDAP usant el DNI
43712691H43712691VILANOVAARBOS Sense EMAIL a Ginpix, i no es actualitzar sol amb el de LDAP per que pot localitzar a LDAP usant el DNI
78101760Q78101760VISAPRETEL Sense EMAIL a Ginpix, i no es actualitzar sol amb el de LDAP per que pot localitzar a LDAP usant el DNI
43742653B43742653VISAGABERNET Sense EMAIL a Ginpix, i no es actualitzar sol amb el de LDAP per que pot localitzar a LDAP usant el DNI
X5806052RX5806052YAELMELANO Sense EMAIL a Ginpix, i no es actualitzar sol amb el de LDAP per que pot localitzar a LDAP usant el DNI20/02/2015 10:29:39
empleats sense email : 1
20/02/2015 10:35:42
empleats sense email : 1
20/02/2015 10:49:16
empleats sense email : 40
20/02/2015 10:49:17
sense EMAIL, i problemes al LDAP, no hi ha manera de localitzar a : 40884804VILAJUSTRIBO
20/02/2015 10:49:17
sense EMAIL, i problemes al LDAP, no hi ha manera de localitzar a : 47698098TABERNERVALLVERDU
20/02/2015 10:49:17
sense EMAIL, i problemes al LDAP, no hi ha manera de localitzar a : 53652920PALACIOSTRUJILLO
20/02/2015 10:49:17
sense EMAIL, i problemes al LDAP, no hi ha manera de localitzar a : 52593932SORIANOLLOPIS
20/02/2015 10:49:18
sense EMAIL, i problemes al LDAP, no hi ha manera de localitzar a : Y2681873JIMENEZLOPEZ
20/02/2015 10:49:23
sense EMAIL, i problemes al LDAP, no hi ha manera de localitzar a : 72489575OJANGURENARRANZ
20/02/2015 10:49:24
sense EMAIL, i problemes al LDAP, no hi ha manera de localitzar a : Y0606305KILANI
20/02/2015 10:49:24
empleats sense uid : 7
20/02/2015 10:49:25
Sense UID i problemes al LDAP, no hi ha manera de localitzar a : 47698098TABERNERVALLVERDU
20/02/2015 10:49:25
Sense UID i problemes al LDAP, no hi ha manera de localitzar a : 53652920PALACIOSTRUJILLO
20/02/2015 10:49:25
Sense UID i problemes al LDAP, no hi ha manera de localitzar a : 52593932SORIANOLLOPIS
20/02/2015 10:49:25
Sense UID i problemes al LDAP, no hi ha manera de localitzar a : Y2681873JIMENEZLOPEZ
20/02/2015 10:49:25
Sense UID i problemes al LDAP, no hi ha manera de localitzar a : 72489575OJANGURENARRANZ
20/02/2015 10:49:26
Sense UID i problemes al LDAP, no hi ha manera de localitzar a : Y0606305KILANI

78090973Q</b>78090973BELLERAFRANCES Sense EMAIL a Ginpix, i no es actualitzar sol amb el de LDAP per que no és pot localitzar a LDAP usant el DNI
78097947K</b>78097947DAZAREQUENA Sense EMAIL a Ginpix, i no es actualitzar sol amb el de LDAP per que no és pot localitzar a LDAP usant el DNI
49758306Z</b>49758306EL OUALIALI Sense EMAIL a Ginpix, i no es actualitzar sol amb el de LDAP per que no és pot localitzar a LDAP usant el DNI
47932926Y</b>47932926GODIAFARRE Sense EMAIL a Ginpix, i no es actualitzar sol amb el de LDAP per que no és pot localitzar a LDAP usant el DNI
Y2681873H</b>Y2681873JIMENEZLOPEZ Sense EMAIL a Ginpix, i no es actualitzar sol amb el de LDAP per que no és pot localitzar a LDAP usant el DNI
Y0606305Q</b>Y0606305KILANI Sense EMAIL a Ginpix, i no es actualitzar sol amb el de LDAP per que no és pot localitzar a LDAP usant el DNI
47691917Z</b>47691917MARTINMOSTANY Sense EMAIL a Ginpix, i no es actualitzar sol amb el de LDAP per que no és pot localitzar a LDAP usant el DNI
47982161K</b>47982161MIROMASSOT Sense EMAIL a Ginpix, i no es actualitzar sol amb el de LDAP per que no és pot localitzar a LDAP usant el DNI
72489575S</b>72489575OJANGURENARRANZ Sense EMAIL a Ginpix, i no es actualitzar sol amb el de LDAP per que no és pot localitzar a LDAP usant el DNI
53652920S</b>53652920PALACIOSTRUJILLO Sense EMAIL a Ginpix, i no es actualitzar sol amb el de LDAP per que no és pot localitzar a LDAP usant el DNI
47904869D</b>47904869ROCACABAU Sense EMAIL a Ginpix, i no es actualitzar sol amb el de LDAP per que no és pot localitzar a LDAP usant el DNI
47324747Q</b>47324747SALVADORBURRULL Sense EMAIL a Ginpix, i no es actualitzar sol amb el de LDAP per que no és pot localitzar a LDAP usant el DNI
52593932Q</b>52593932SORIANOLLOPIS Sense EMAIL a Ginpix, i no es actualitzar sol amb el de LDAP per que no és pot localitzar a LDAP usant el DNI
47698098P</b>47698098TABERNERVALLVERDU Sense EMAIL a Ginpix, i no es actualitzar sol amb el de LDAP per que no és pot localitzar a LDAP usant el DNI
40884804G</b>40884804VILAJUSTRIBO Sense EMAIL a Ginpix, i no es actualitzar sol amb el de LDAP per que no és pot localitzar a LDAP usant el DNI20/02/2015 14:03:12
empleats sense email : 1
20/02/2015 14:11:40
empleats sense email : 1
20/02/2015 14:11:52
empleats sense email : 1
20/02/2015 14:12:16
empleats sense email : 1
20/02/2015 14:13:12
sense EMAIL, i problemes al LDAP, no hi ha manera de localitzar a : 72489575OJANGURENARRANZ
20/02/2015 14:13:12
empleats sense uid : 1
20/02/2015 14:13:13
Sense UID i problemes al LDAP, no hi ha manera de localitzar a : 72489575OJANGURENARRANZ

78090973Q</b>78090973BELLERAFRANCES Sense EMAIL a Ginpix, i no es actualitzar sol amb el de LDAP per que no és pot localitzar a LDAP usant el DNI
78097947K</b>78097947DAZAREQUENA Sense EMAIL a Ginpix, i no es actualitzar sol amb el de LDAP per que no és pot localitzar a LDAP usant el DNI
49758306Z</b>49758306EL OUALIALI Sense EMAIL a Ginpix, i no es actualitzar sol amb el de LDAP per que no és pot localitzar a LDAP usant el DNI
47932926Y</b>47932926GODIAFARRE Sense EMAIL a Ginpix, i no es actualitzar sol amb el de LDAP per que no és pot localitzar a LDAP usant el DNI
Y2681873H</b>Y2681873JIMENEZLOPEZ Sense EMAIL a Ginpix, i no es actualitzar sol amb el de LDAP per que no és pot localitzar a LDAP usant el DNI
Y0606305Q</b>Y0606305KILANI Sense EMAIL a Ginpix, i no es actualitzar sol amb el de LDAP per que no és pot localitzar a LDAP usant el DNI
47691917Z</b>47691917MARTINMOSTANY Sense EMAIL a Ginpix, i no es actualitzar sol amb el de LDAP per que no és pot localitzar a LDAP usant el DNI
47982161K</b>47982161MIROMASSOT Sense EMAIL a Ginpix, i no es actualitzar sol amb el de LDAP per que no és pot localitzar a LDAP usant el DNI
72489575S</b>72489575OJANGURENARRANZ Sense EMAIL a Ginpix, i no es actualitzar sol amb el de LDAP per que no és pot localitzar a LDAP usant el DNI
53652920S</b>53652920PALACIOSTRUJILLO Sense EMAIL a Ginpix, i no es actualitzar sol amb el de LDAP per que no és pot localitzar a LDAP usant el DNI
47904869D</b>47904869ROCACABAU Sense EMAIL a Ginpix, i no es actualitzar sol amb el de LDAP per que no és pot localitzar a LDAP usant el DNI
47324747Q</b>47324747SALVADORBURRULL Sense EMAIL a Ginpix, i no es actualitzar sol amb el de LDAP per que no és pot localitzar a LDAP usant el DNI
52593932Q</b>52593932SORIANOLLOPIS Sense EMAIL a Ginpix, i no es actualitzar sol amb el de LDAP per que no és pot localitzar a LDAP usant el DNI
47698098P</b>47698098TABERNERVALLVERDU Sense EMAIL a Ginpix, i no es actualitzar sol amb el de LDAP per que no és pot localitzar a LDAP usant el DNI
40884804G</b>40884804VILAJUSTRIBO Sense EMAIL a Ginpix, i no es actualitzar sol amb el de LDAP per que no és pot localitzar a LDAP usant el DNI20/02/2015 14:13:41
empleats sense email : 1
20/02/2015 14:13:58
empleats sense email : 1
27/02/2015 10:45:14
empleats sense email : 7
27/02/2015 10:45:23
sense EMAIL, i problemes al LDAP, no hi ha manera de localitzar a : 40884804VILAJUSTRIBO
27/02/2015 10:45:23
sense EMAIL, i problemes al LDAP, no hi ha manera de localitzar a : 47698098TABERNERVALLVERDU
27/02/2015 10:45:24
sense EMAIL, i problemes al LDAP, no hi ha manera de localitzar a : 53652920PALACIOSTRUJILLO
27/02/2015 10:45:24
sense EMAIL, i problemes al LDAP, no hi ha manera de localitzar a : 52593932SORIANOLLOPIS
27/02/2015 10:45:24
sense EMAIL, i problemes al LDAP, no hi ha manera de localitzar a : Y2681873JIMENEZLOPEZ
27/02/2015 10:45:24
sense EMAIL, i problemes al LDAP, no hi ha manera de localitzar a : 72489575OJANGURENARRANZ
27/02/2015 10:45:24
sense EMAIL, i problemes al LDAP, no hi ha manera de localitzar a : Y0606305KILANI
27/02/2015 10:45:27
empleats sense uid : 6
27/02/2015 10:45:28
Sense UID i problemes al LDAP, no hi ha manera de localitzar a : 47698098TABERNERVALLVERDU
27/02/2015 10:45:28
Sense UID i problemes al LDAP, no hi ha manera de localitzar a : 53652920PALACIOSTRUJILLO
27/02/2015 10:45:28
Sense UID i problemes al LDAP, no hi ha manera de localitzar a : 52593932SORIANOLLOPIS
27/02/2015 10:45:28
Sense UID i problemes al LDAP, no hi ha manera de localitzar a : Y2681873JIMENEZLOPEZ
27/02/2015 10:45:28
Sense UID i problemes al LDAP, no hi ha manera de localitzar a : 72489575OJANGURENARRANZ
27/02/2015 10:45:28
Sense UID i problemes al LDAP, no hi ha manera de localitzar a : Y0606305KILANI
27/02/2015 10:47:46
empleats sense email : 7
27/02/2015 10:47:46
sense EMAIL, i problemes al LDAP, no hi ha manera de localitzar a : 40884804VILAJUSTRIBO
27/02/2015 10:47:46
sense EMAIL, i problemes al LDAP, no hi ha manera de localitzar a : 47698098TABERNERVALLVERDU
27/02/2015 10:47:47
sense EMAIL, i problemes al LDAP, no hi ha manera de localitzar a : 53652920PALACIOSTRUJILLO
27/02/2015 10:47:47
sense EMAIL, i problemes al LDAP, no hi ha manera de localitzar a : 52593932SORIANOLLOPIS
27/02/2015 10:47:47
sense EMAIL, i problemes al LDAP, no hi ha manera de localitzar a : Y2681873JIMENEZLOPEZ
27/02/2015 10:47:47
sense EMAIL, i problemes al LDAP, no hi ha manera de localitzar a : 72489575OJANGURENARRANZ
27/02/2015 10:47:47
sense EMAIL, i problemes al LDAP, no hi ha manera de localitzar a : Y0606305KILANI
27/02/2015 10:47:48
empleats sense uid : 6
27/02/2015 10:47:49
Sense UID i problemes al LDAP, no hi ha manera de localitzar a : 47698098TABERNERVALLVERDU
27/02/2015 10:47:49
Sense UID i problemes al LDAP, no hi ha manera de localitzar a : 53652920PALACIOSTRUJILLO
27/02/2015 10:47:49
Sense UID i problemes al LDAP, no hi ha manera de localitzar a : 52593932SORIANOLLOPIS
27/02/2015 10:47:49
Sense UID i problemes al LDAP, no hi ha manera de localitzar a : Y2681873JIMENEZLOPEZ
27/02/2015 10:47:49
Sense UID i problemes al LDAP, no hi ha manera de localitzar a : 72489575OJANGURENARRANZ
27/02/2015 10:47:49
Sense UID i problemes al LDAP, no hi ha manera de localitzar a : Y0606305KILANI
27/02/2015 11:18:35
empleats sense email : 7
27/02/2015 11:22:41
empleats sense email : 7
27/02/2015 11:23:17
empleats sense email : 7
27/02/2015 11:23:38
sense EMAIL, i problemes al LDAP, no hi ha manera de localitzar a : 40884804VILAJUSTRIBO
27/02/2015 11:23:40
sense EMAIL, i problemes al LDAP, no hi ha manera de localitzar a : 47698098TABERNERVALLVERDU
27/02/2015 11:23:41
sense EMAIL, i problemes al LDAP, no hi ha manera de localitzar a : 53652920PALACIOSTRUJILLO
27/02/2015 11:23:41
sense EMAIL, i problemes al LDAP, no hi ha manera de localitzar a : 52593932SORIANOLLOPIS
27/02/2015 11:23:42
sense EMAIL, i problemes al LDAP, no hi ha manera de localitzar a : Y2681873JIMENEZLOPEZ
27/02/2015 11:23:42
sense EMAIL, i problemes al LDAP, no hi ha manera de localitzar a : 72489575OJANGURENARRANZ
27/02/2015 11:23:42
sense EMAIL, i problemes al LDAP, no hi ha manera de localitzar a : Y0606305KILANI
27/02/2015 11:23:43
empleats sense uid : 6
27/02/2015 11:23:44
Sense UID i problemes al LDAP, no hi ha manera de localitzar a : 47698098TABERNERVALLVERDU
27/02/2015 11:23:45
Sense UID i problemes al LDAP, no hi ha manera de localitzar a : 53652920PALACIOSTRUJILLO
27/02/2015 11:23:45
Sense UID i problemes al LDAP, no hi ha manera de localitzar a : 52593932SORIANOLLOPIS
27/02/2015 11:23:45
Sense UID i problemes al LDAP, no hi ha manera de localitzar a : Y2681873JIMENEZLOPEZ
27/02/2015 11:23:46
Sense UID i problemes al LDAP, no hi ha manera de localitzar a : 72489575OJANGURENARRANZ
27/02/2015 11:23:46
Sense UID i problemes al LDAP, no hi ha manera de localitzar a : Y0606305KILANI

Y2681873H</b>Y2681873JIMENEZLOPEZ<br>
Y0606305Q</b>Y0606305KILANI<br>
72489575S</b>72489575OJANGURENARRANZ<br>
53652920S</b>53652920PALACIOSTRUJILLO<br>
52593932Q</b>52593932SORIANOLLOPIS<br>
47698098P</b>47698098TABERNERVALLVERDU<br>
40884804G</b>40884804VILAJUSTRIBO<br>27/02/2015 11:29:33
empleats sense email : 7
27/02/2015 11:29:34
sense EMAIL, i problemes al LDAP, no hi ha manera de localitzar a : 40884804VILAJUSTRIBO
27/02/2015 11:29:34
sense EMAIL, i problemes al LDAP, no hi ha manera de localitzar a : 47698098TABERNERVALLVERDU
27/02/2015 11:29:34
sense EMAIL, i problemes al LDAP, no hi ha manera de localitzar a : 53652920PALACIOSTRUJILLO
27/02/2015 11:29:34
sense EMAIL, i problemes al LDAP, no hi ha manera de localitzar a : 52593932SORIANOLLOPIS
27/02/2015 11:29:34
sense EMAIL, i problemes al LDAP, no hi ha manera de localitzar a : Y2681873JIMENEZLOPEZ
27/02/2015 11:29:35
sense EMAIL, i problemes al LDAP, no hi ha manera de localitzar a : 72489575OJANGURENARRANZ
27/02/2015 11:29:35
sense EMAIL, i problemes al LDAP, no hi ha manera de localitzar a : Y0606305KILANI
27/02/2015 11:29:35
empleats sense uid : 6
27/02/2015 11:29:35
Sense UID i problemes al LDAP, no hi ha manera de localitzar a : 47698098TABERNERVALLVERDU
27/02/2015 11:29:35
Sense UID i problemes al LDAP, no hi ha manera de localitzar a : 53652920PALACIOSTRUJILLO
27/02/2015 11:29:35
Sense UID i problemes al LDAP, no hi ha manera de localitzar a : 52593932SORIANOLLOPIS
27/02/2015 11:29:35
Sense UID i problemes al LDAP, no hi ha manera de localitzar a : Y2681873JIMENEZLOPEZ
27/02/2015 11:29:36
Sense UID i problemes al LDAP, no hi ha manera de localitzar a : 72489575OJANGURENARRANZ
27/02/2015 11:29:36
Sense UID i problemes al LDAP, no hi ha manera de localitzar a : Y0606305KILANI

Y2681873H Y2681873JIMENEZ      LOPEZ<br>
Y0606305Q Y0606305KILANI      <br>
72489575S 72489575OJANGUREN      ARRANZ<br>
53652920S 53652920PALACIOS      TRUJILLO<br>
52593932Q 52593932SORIANO      LLOPIS<br>
47698098P 47698098TABERNER      VALLVERDU<br>
40884804G 40884804VILA      JUSTRIBO<br>27/02/2015 11:31:46
empleats sense email : 7
27/02/2015 11:31:46
sense EMAIL, i problemes al LDAP, no hi ha manera de localitzar a : 40884804VILAJUSTRIBO
27/02/2015 11:31:46
sense EMAIL, i problemes al LDAP, no hi ha manera de localitzar a : 47698098TABERNERVALLVERDU
27/02/2015 11:31:46
sense EMAIL, i problemes al LDAP, no hi ha manera de localitzar a : 53652920PALACIOSTRUJILLO
27/02/2015 11:31:47
sense EMAIL, i problemes al LDAP, no hi ha manera de localitzar a : 52593932SORIANOLLOPIS
27/02/2015 11:31:47
sense EMAIL, i problemes al LDAP, no hi ha manera de localitzar a : Y2681873JIMENEZLOPEZ
27/02/2015 11:31:47
sense EMAIL, i problemes al LDAP, no hi ha manera de localitzar a : 72489575OJANGURENARRANZ
27/02/2015 11:31:47
sense EMAIL, i problemes al LDAP, no hi ha manera de localitzar a : Y0606305KILANI
27/02/2015 11:31:47
empleats sense uid : 6
27/02/2015 11:31:47
Sense UID i problemes al LDAP, no hi ha manera de localitzar a : 47698098TABERNERVALLVERDU
27/02/2015 11:31:47
Sense UID i problemes al LDAP, no hi ha manera de localitzar a : 53652920PALACIOSTRUJILLO
27/02/2015 11:31:48
Sense UID i problemes al LDAP, no hi ha manera de localitzar a : 52593932SORIANOLLOPIS
27/02/2015 11:31:48
Sense UID i problemes al LDAP, no hi ha manera de localitzar a : Y2681873JIMENEZLOPEZ
27/02/2015 11:31:48
Sense UID i problemes al LDAP, no hi ha manera de localitzar a : 72489575OJANGURENARRANZ
27/02/2015 11:31:48
Sense UID i problemes al LDAP, no hi ha manera de localitzar a : Y0606305KILANI

Y2681873H Y2681873JIMENEZ      LOPEZ<br>
Y0606305Q Y0606305KILANI      <br>
72489575S 72489575OJANGUREN      ARRANZ<br>
53652920S 53652920PALACIOS      TRUJILLO<br>
52593932Q 52593932SORIANO      LLOPIS<br>
47698098P 47698098TABERNER      VALLVERDU<br>
40884804G 40884804VILA      JUSTRIBO<br>27/02/2015 11:36:22
empleats sense email : 7
27/02/2015 11:36:22
sense EMAIL, i problemes al LDAP, no hi ha manera de localitzar a : 40884804VILAJUSTRIBO
27/02/2015 11:36:23
sense EMAIL, i problemes al LDAP, no hi ha manera de localitzar a : 47698098TABERNERVALLVERDU
27/02/2015 11:36:23
sense EMAIL, i problemes al LDAP, no hi ha manera de localitzar a : 53652920PALACIOSTRUJILLO
27/02/2015 11:36:23
sense EMAIL, i problemes al LDAP, no hi ha manera de localitzar a : 52593932SORIANOLLOPIS
27/02/2015 11:36:23
sense EMAIL, i problemes al LDAP, no hi ha manera de localitzar a : Y2681873JIMENEZLOPEZ
27/02/2015 11:36:23
sense EMAIL, i problemes al LDAP, no hi ha manera de localitzar a : 72489575OJANGURENARRANZ
27/02/2015 11:36:23
sense EMAIL, i problemes al LDAP, no hi ha manera de localitzar a : Y0606305KILANI
27/02/2015 11:36:24
empleats sense uid : 6
27/02/2015 11:36:24
Sense UID i problemes al LDAP, no hi ha manera de localitzar a : 47698098TABERNERVALLVERDU
27/02/2015 11:36:24
Sense UID i problemes al LDAP, no hi ha manera de localitzar a : 53652920PALACIOSTRUJILLO
27/02/2015 11:36:24
Sense UID i problemes al LDAP, no hi ha manera de localitzar a : 52593932SORIANOLLOPIS
27/02/2015 11:36:24
Sense UID i problemes al LDAP, no hi ha manera de localitzar a : Y2681873JIMENEZLOPEZ
27/02/2015 11:36:24
Sense UID i problemes al LDAP, no hi ha manera de localitzar a : 72489575OJANGURENARRANZ
27/02/2015 11:36:24
Sense UID i problemes al LDAP, no hi ha manera de localitzar a : Y0606305KILANI

Y2681873H Y2681873JIMENEZ      LOPEZ<br>
Y0606305Q Y0606305KILANI      <br>
72489575S 72489575OJANGUREN      ARRANZ<br>
53652920S 53652920PALACIOS      TRUJILLO<br>
52593932Q 52593932SORIANO      LLOPIS<br>
47698098P 47698098TABERNER      VALLVERDU<br>
40884804G 40884804VILA      JUSTRIBO<br>